2025-01-30 22:10:56,108 [INFO] Activator:176 - 


2025-01-30 22:10:56,119 [INFO] Activator:177 - !SESSION log4j initialized
2025-01-30 22:11:08,638 [INFO] LogOutputStream:77 - [STDOUT_REDIRECT] 
2025-01-30 22:11:20,288 [INFO] ApplicationProperties:184 - Using Application install path: C:\ST\STM32CubeIDE_1.17.0\STM32CubeIDE\plugins\com.st.stm32cube.common.mx_6.13.0.202411220809
2025-01-30 22:11:20,322 [INFO] DbMcusXml:78 - Set database path to: C:\ST\STM32CubeIDE_1.17.0\STM32CubeIDE\plugins\com.st.stm32cube.common.mx_6.13.0.202411220809\\db\/mcu/
2025-01-30 22:11:20,323 [INFO] ApiDb:274 - Set plugin database path to: C:\ST\STM32CubeIDE_1.17.0\STM32CubeIDE\plugins\com.st.stm32cube.common.mx_6.13.0.202411220809\\db\/plugins/boardmanager/
2025-01-30 22:11:20,324 [WARN] ApiDb:259 - Overriding images path with different value:  => C:\ST\STM32CubeIDE_1.17.0\STM32CubeIDE\plugins\com.st.stm32cube.common.mx_6.13.0.202411220809\\db\/plugins/mcufinder/images/
2025-01-30 22:11:20,338 [INFO] ApiDb:250 - Set database path to: C:\Users\User\.stmcufinder\plugins\mcufinder//mcu/
2025-01-30 22:11:20,341 [INFO] DbMcusAds:125 - Set database path to: C:\Users\User\.stmcufinder\plugins\mcufinder//mcu/
2025-01-30 22:11:20,351 [INFO] CrossReferenceDbSqlite:203 - Set database path to: C:\Users\User\.stmcufinder\plugins\mcufinder//mcu/cs/
2025-01-30 22:11:20,587 [INFO] RulesReader:64 - Compatibility file has been processed (297 Rules)
2025-01-30 22:11:20,764 [INFO] DbMcusXml:78 - Set database path to: C:\ST\STM32CubeIDE_1.17.0\STM32CubeIDE\plugins\com.st.stm32cube.common.mx_6.13.0.202411220809\\db\/mcu/
2025-01-30 22:11:20,765 [INFO] ApiDb:274 - Set plugin database path to: C:\ST\STM32CubeIDE_1.17.0\STM32CubeIDE\plugins\com.st.stm32cube.common.mx_6.13.0.202411220809\\db\/plugins/boardmanager/
2025-01-30 22:11:20,765 [INFO] ApiDb:261 - Set plugin images path to: C:\ST\STM32CubeIDE_1.17.0\STM32CubeIDE\plugins\com.st.stm32cube.common.mx_6.13.0.202411220809\\db\/plugins/mcufinder/images/
2025-01-30 22:11:20,766 [WARN] DbFile:41 - Overriding database path with different value: C:\Users\User\.stmcufinder\plugins\mcufinder/ => C:\Users\User\.stmcufinder\plugins\mcufinder
2025-01-30 22:11:20,766 [INFO] ApiDb:250 - Set database path to: C:\Users\User\.stmcufinder\plugins\mcufinder//mcu/
2025-01-30 22:11:20,766 [WARN] DbFile:41 - Overriding database path with different value: C:\Users\User\.stmcufinder\plugins\mcufinder/ => C:\Users\User\.stmcufinder\plugins\mcufinder
2025-01-30 22:11:20,767 [INFO] DbMcusAds:125 - Set database path to: C:\Users\User\.stmcufinder\plugins\mcufinder//mcu/
2025-01-30 22:11:20,767 [WARN] DbFile:41 - Overriding database path with different value: C:\Users\User\.stmcufinder\plugins\mcufinder/ => C:\Users\User\.stmcufinder\plugins\mcufinder
2025-01-30 22:11:20,767 [WARN] DbFile:41 - Overriding database path with different value: C:\Users\User\.stmcufinder\plugins\mcufinder/ => C:\Users\User\.stmcufinder\plugins\mcufinder
2025-01-30 22:11:20,767 [INFO] CrossReferenceDbSqlite:203 - Set database path to: C:\Users\User\.stmcufinder\plugins\mcufinder//mcu/cs/
2025-01-30 22:11:20,929 [INFO] MainPanel:272 - HeapMemory: 268435456
2025-01-30 22:11:21,117 [INFO] DbMcusXml:78 - Set database path to: C:\ST\STM32CubeIDE_1.17.0\STM32CubeIDE\plugins\com.st.stm32cube.common.mx_6.13.0.202411220809\\db\/mcu/
2025-01-30 22:11:21,118 [INFO] ApiDb:274 - Set plugin database path to: C:\ST\STM32CubeIDE_1.17.0\STM32CubeIDE\plugins\com.st.stm32cube.common.mx_6.13.0.202411220809\\db\/plugins/boardmanager/
2025-01-30 22:11:21,118 [INFO] ApiDb:261 - Set plugin images path to: C:\ST\STM32CubeIDE_1.17.0\STM32CubeIDE\plugins\com.st.stm32cube.common.mx_6.13.0.202411220809\\db\/plugins/mcufinder/images/
2025-01-30 22:11:21,118 [WARN] DbFile:41 - Overriding database path with different value: C:\Users\User\.stmcufinder\plugins\mcufinder/ => C:\Users\User\.stmcufinder\plugins\mcufinder
2025-01-30 22:11:21,118 [INFO] ApiDb:250 - Set database path to: C:\Users\User\.stmcufinder\plugins\mcufinder//mcu/
2025-01-30 22:11:21,119 [WARN] DbFile:41 - Overriding database path with different value: C:\Users\User\.stmcufinder\plugins\mcufinder/ => C:\Users\User\.stmcufinder\plugins\mcufinder
2025-01-30 22:11:21,119 [INFO] DbMcusAds:125 - Set database path to: C:\Users\User\.stmcufinder\plugins\mcufinder//mcu/
2025-01-30 22:11:21,119 [WARN] DbFile:41 - Overriding database path with different value: C:\Users\User\.stmcufinder\plugins\mcufinder/ => C:\Users\User\.stmcufinder\plugins\mcufinder
2025-01-30 22:11:21,119 [WARN] DbFile:41 - Overriding database path with different value: C:\Users\User\.stmcufinder\plugins\mcufinder/ => C:\Users\User\.stmcufinder\plugins\mcufinder
2025-01-30 22:11:21,119 [INFO] CrossReferenceDbSqlite:203 - Set database path to: C:\Users\User\.stmcufinder\plugins\mcufinder//mcu/cs/
2025-01-30 22:11:21,155 [INFO] ApplicationProperties:184 - Using Application install path: C:\ST\STM32CubeIDE_1.17.0\STM32CubeIDE\plugins\com.st.stm32cube.common.mx_6.13.0.202411220809
2025-01-30 22:11:21,157 [INFO] PluginManage:196 - Search for loadable plugins [exclusion list=, ]
2025-01-30 22:11:21,159 [INFO] PluginManage:310 - Check plugin analytics
2025-01-30 22:11:26,013 [INFO] AnalyticsPlugin:253 - Accepted Software Licenses: 
2025-01-30 22:11:26,013 [INFO] AnalyticsPlugin:255 - Accepted CMSIS Pack Licenses: 
2025-01-30 22:11:26,013 [INFO] AnalyticsPlugin:257 - Accepted Firmware Licenses: FW.F4.1.28.0
2025-01-30 22:11:26,018 [INFO] PluginManage:359 - Loaded plugin analytics (category:tool,tabindex:-1)
2025-01-30 22:11:26,019 [INFO] PluginManage:310 - Check plugin cadmodel
2025-01-30 22:11:26,050 [INFO] CADModel:105 - Init CAD model plugin
2025-01-30 22:11:26,050 [INFO] PluginManage:359 - Loaded plugin cadmodel (category:power,tabindex:5)
2025-01-30 22:11:26,051 [INFO] PluginManage:310 - Check plugin clock
2025-01-30 22:11:26,087 [INFO] PluginManage:359 - Loaded plugin clock (category:base,tabindex:2)
2025-01-30 22:11:26,088 [INFO] PluginManage:310 - Check plugin ddr
2025-01-30 22:11:26,094 [INFO] PluginManage:359 - Loaded plugin ddr (category:tool,tabindex:6)
2025-01-30 22:11:26,095 [INFO] PluginManage:310 - Check plugin filemanager
2025-01-30 22:11:26,330 [INFO] PluginManage:359 - Loaded plugin filemanager (category:base,tabindex:10)
2025-01-30 22:11:26,331 [INFO] PluginManage:310 - Check plugin ipmanager
2025-01-30 22:11:26,344 [INFO] PluginManage:359 - Loaded plugin ipmanager (category:base,tabindex:5)
2025-01-30 22:11:26,344 [INFO] PluginManage:310 - Check plugin lpbam
2025-01-30 22:11:26,379 [INFO] PluginManage:359 - Loaded plugin lpbam (category:base,tabindex:0)
2025-01-30 22:11:26,379 [INFO] PluginManage:310 - Check plugin memorymap
2025-01-30 22:11:26,423 [INFO] PluginManage:359 - Loaded plugin memorymap (category:base,tabindex:4)
2025-01-30 22:11:26,423 [INFO] PluginManage:310 - Check plugin pinoutandconfiguration
2025-01-30 22:11:26,449 [INFO] PluginManage:359 - Loaded plugin pinoutandconfiguration (category:base,tabindex:1)
2025-01-30 22:11:26,449 [INFO] PluginManage:310 - Check plugin pinoutconfig
2025-01-30 22:11:26,609 [WARN] SupportedApi:132 - Cannot load RTOS API schema: s4s-elt-must-match.1: The content of 'definitions' must match (annotation?, (simpleType | complexType)?, (unique | key | keyref)*)). A problem was found starting at: attribute.
2025-01-30 22:11:26,864 [INFO] PluginManage:359 - Loaded plugin pinoutconfig (category:base,tabindex:0)
2025-01-30 22:11:26,864 [INFO] PluginManage:310 - Check plugin power
2025-01-30 22:11:26,895 [INFO] PluginManage:359 - Loaded plugin power (category:power,tabindex:4)
2025-01-30 22:11:26,895 [INFO] PluginManage:310 - Check plugin projectmanager
2025-01-30 22:11:26,937 [INFO] PluginManage:359 - Loaded plugin projectmanager (category:projectmanager,tabindex:4)
2025-01-30 22:11:26,938 [INFO] PluginManage:310 - Check plugin rif
2025-01-30 22:11:26,963 [INFO] PluginManage:359 - Loaded plugin rif (category:base,tabindex:3)
2025-01-30 22:11:26,963 [INFO] PluginManage:310 - Check plugin thirdparty
2025-01-30 22:11:27,626 [INFO] PluginManage:359 - Loaded plugin thirdparty (category:base,tabindex:-1)
2025-01-30 22:11:27,626 [WARN] IntegrityCheckThread:84 - waiting for thirdparty lock release [integrity check]
2025-01-30 22:11:27,626 [INFO] PluginManage:310 - Check plugin tools
2025-01-30 22:11:27,627 [INFO] IntegrityCheckThread:86 - entering critical section [integrity check]
2025-01-30 22:11:27,627 [INFO] ThirdPartyUpdaterWithRetryManager:70 - Updater plugin not ready yet. [1/15]
2025-01-30 22:11:27,684 [INFO] PluginManage:359 - Loaded plugin tools (category:base,tabindex:7)
2025-01-30 22:11:27,684 [INFO] PluginManage:310 - Check plugin tutovideos
2025-01-30 22:11:28,039 [INFO] PluginManage:359 - Loaded plugin tutovideos (category:base,tabindex:-1)
2025-01-30 22:11:28,039 [INFO] PluginManage:310 - Check plugin updater
2025-01-30 22:11:28,094 [INFO] PluginManage:359 - Loaded plugin updater (category:base,tabindex:12)
2025-01-30 22:11:28,094 [INFO] PluginManage:310 - Check plugin userauth
2025-01-30 22:11:28,102 [INFO] UserAuth:118 - Init User Auth plugin
2025-01-30 22:11:28,104 [INFO] PluginManage:359 - Loaded plugin userauth (category:base,tabindex:14)
2025-01-30 22:11:28,106 [INFO] PluginManage:283 - PluginManage : Loaded plugins [18]
2025-01-30 22:11:28,515 [INFO] PinOutPanel:1589 - setPackage(No Configuration,No Configuration)
2025-01-30 22:11:28,651 [INFO] CADModel:165 - CPN selected for project level
2025-01-30 22:11:28,651 [INFO] CADModel:114 - Register for checkConnection events
2025-01-30 22:11:28,694 [INFO] IPUIPlugin:80 - create IPUIPlugin
2025-01-30 22:11:28,694 [INFO] PluginManager:220 - loadIPPluginJar : add adc
2025-01-30 22:11:28,759 [INFO] IPUIPlugin:80 - create IPUIPlugin
2025-01-30 22:11:28,760 [INFO] PluginManager:220 - loadIPPluginJar : add aes
2025-01-30 22:11:28,834 [INFO] IPUIPlugin:80 - create IPUIPlugin
2025-01-30 22:11:28,834 [INFO] PluginManager:220 - loadIPPluginJar : add can
2025-01-30 22:11:28,876 [INFO] IPUIPlugin:80 - create IPUIPlugin
2025-01-30 22:11:28,876 [INFO] PluginManager:220 - loadIPPluginJar : add comp
2025-01-30 22:11:28,931 [INFO] IPUIPlugin:80 - create IPUIPlugin
2025-01-30 22:11:28,931 [INFO] PluginManager:220 - loadIPPluginJar : add cryp
2025-01-30 22:11:28,954 [INFO] IPUIPlugin:80 - create IPUIPlugin
2025-01-30 22:11:28,955 [INFO] PluginManager:220 - loadIPPluginJar : add ddr_ctrl_phy
2025-01-30 22:11:29,003 [INFO] IPUIPlugin:80 - create IPUIPlugin
2025-01-30 22:11:29,003 [INFO] PluginManager:220 - loadIPPluginJar : add dfsdm
2025-01-30 22:11:29,027 [INFO] IPUIPlugin:80 - create IPUIPlugin
2025-01-30 22:11:29,028 [INFO] PluginManager:220 - loadIPPluginJar : add dma
2025-01-30 22:11:29,103 [INFO] IPUIPlugin:80 - create IPUIPlugin
2025-01-30 22:11:29,103 [INFO] PluginManager:220 - loadIPPluginJar : add dma3
2025-01-30 22:11:29,184 [INFO] IPUIPlugin:80 - create IPUIPlugin
2025-01-30 22:11:29,184 [INFO] PluginManager:220 - loadIPPluginJar : add extmemmanager
2025-01-30 22:11:29,217 [INFO] IPUIPlugin:80 - create IPUIPlugin
2025-01-30 22:11:29,217 [INFO] PluginManager:220 - loadIPPluginJar : add fatfs
2025-01-30 22:11:29,295 [INFO] IPUIPlugin:80 - create IPUIPlugin
2025-01-30 22:11:29,295 [INFO] PluginManager:220 - loadIPPluginJar : add fmc
2025-01-30 22:11:29,321 [INFO] IPUIPlugin:80 - create IPUIPlugin
2025-01-30 22:11:29,322 [INFO] PluginManager:220 - loadIPPluginJar : add freertos
2025-01-30 22:11:29,353 [INFO] IPUIPlugin:80 - create IPUIPlugin
2025-01-30 22:11:29,354 [INFO] PluginManager:220 - loadIPPluginJar : add genericplugin
2025-01-30 22:11:29,505 [INFO] IPUIPlugin:80 - create IPUIPlugin
2025-01-30 22:11:29,505 [INFO] PluginManager:220 - loadIPPluginJar : add gfxmmu
2025-01-30 22:11:29,727 [INFO] IPUIPlugin:80 - create IPUIPlugin
2025-01-30 22:11:29,727 [INFO] PluginManager:220 - loadIPPluginJar : add gic
2025-01-30 22:11:29,746 [INFO] IPUIPlugin:80 - create IPUIPlugin
2025-01-30 22:11:29,746 [INFO] PluginManager:220 - loadIPPluginJar : add gpio
2025-01-30 22:11:29,910 [INFO] IPUIPlugin:80 - create IPUIPlugin
2025-01-30 22:11:29,910 [INFO] PluginManager:220 - loadIPPluginJar : add gtzc
2025-01-30 22:11:29,963 [INFO] IPUIPlugin:80 - create IPUIPlugin
2025-01-30 22:11:29,963 [INFO] PluginManager:220 - loadIPPluginJar : add hash
2025-01-30 22:11:30,051 [INFO] IPUIPlugin:80 - create IPUIPlugin
2025-01-30 22:11:30,052 [INFO] PluginManager:220 - loadIPPluginJar : add i2c
2025-01-30 22:11:30,112 [INFO] IPUIPlugin:80 - create IPUIPlugin
2025-01-30 22:11:30,112 [INFO] PluginManager:220 - loadIPPluginJar : add i2s
2025-01-30 22:11:30,184 [INFO] IPUIPlugin:80 - create IPUIPlugin
2025-01-30 22:11:30,184 [INFO] PluginManager:220 - loadIPPluginJar : add i3c
2025-01-30 22:11:30,345 [INFO] IPUIPlugin:80 - create IPUIPlugin
2025-01-30 22:11:30,345 [INFO] PluginManager:220 - loadIPPluginJar : add ipddr
2025-01-30 22:11:30,571 [INFO] IPUIPlugin:80 - create IPUIPlugin
2025-01-30 22:11:30,571 [INFO] PluginManager:220 - loadIPPluginJar : add linkedlist
2025-01-30 22:11:30,629 [INFO] ThirdPartyUpdaterWithRetryManager:70 - Updater plugin not ready yet. [2/15]
2025-01-30 22:11:30,629 [INFO] IPUIPlugin:80 - create IPUIPlugin
2025-01-30 22:11:30,629 [INFO] PluginManager:220 - loadIPPluginJar : add lorawan
2025-01-30 22:11:30,680 [INFO] IPUIPlugin:80 - create IPUIPlugin
2025-01-30 22:11:30,680 [INFO] PluginManager:220 - loadIPPluginJar : add ltdc
2025-01-30 22:11:30,700 [INFO] IPUIPlugin:80 - create IPUIPlugin
2025-01-30 22:11:30,701 [INFO] PluginManager:220 - loadIPPluginJar : add mdma
2025-01-30 22:11:30,720 [INFO] IPUIPlugin:80 - create IPUIPlugin
2025-01-30 22:11:30,720 [INFO] PluginManager:220 - loadIPPluginJar : add nvic
2025-01-30 22:11:30,778 [INFO] IPUIPlugin:80 - create IPUIPlugin
2025-01-30 22:11:30,778 [INFO] PluginManager:220 - loadIPPluginJar : add opamp
2025-01-30 22:11:30,877 [INFO] IPUIPlugin:80 - create IPUIPlugin
2025-01-30 22:11:30,877 [INFO] PluginManager:220 - loadIPPluginJar : add openamp
2025-01-30 22:11:30,948 [INFO] IPUIPlugin:80 - create IPUIPlugin
2025-01-30 22:11:30,948 [INFO] PluginManager:220 - loadIPPluginJar : add pdm2pcm
2025-01-30 22:11:30,972 [INFO] IPUIPlugin:80 - create IPUIPlugin
2025-01-30 22:11:30,975 [INFO] PluginManager:220 - loadIPPluginJar : add plateformsettings
2025-01-30 22:11:31,011 [INFO] IPUIPlugin:80 - create IPUIPlugin
2025-01-30 22:11:31,012 [INFO] PluginManager:220 - loadIPPluginJar : add quadspi
2025-01-30 22:11:31,054 [INFO] IPUIPlugin:80 - create IPUIPlugin
2025-01-30 22:11:31,056 [INFO] PluginManager:220 - loadIPPluginJar : add radio
2025-01-30 22:11:31,075 [INFO] IPUIPlugin:80 - create IPUIPlugin
2025-01-30 22:11:31,075 [INFO] PluginManager:220 - loadIPPluginJar : add resmgrutility
2025-01-30 22:11:31,147 [INFO] IPUIPlugin:80 - create IPUIPlugin
2025-01-30 22:11:31,147 [INFO] PluginManager:220 - loadIPPluginJar : add sai
2025-01-30 22:11:31,201 [INFO] IPUIPlugin:80 - create IPUIPlugin
2025-01-30 22:11:31,201 [INFO] PluginManager:220 - loadIPPluginJar : add spi
2025-01-30 22:11:31,300 [INFO] IPUIPlugin:80 - create IPUIPlugin
2025-01-30 22:11:31,300 [INFO] PluginManager:220 - loadIPPluginJar : add stm32_wpan
2025-01-30 22:11:31,335 [INFO] IPUIPlugin:80 - create IPUIPlugin
2025-01-30 22:11:31,335 [INFO] PluginManager:220 - loadIPPluginJar : add tim
2025-01-30 22:11:31,424 [INFO] IPUIPlugin:80 - create IPUIPlugin
2025-01-30 22:11:31,424 [INFO] PluginManager:220 - loadIPPluginJar : add touchsensing
2025-01-30 22:11:31,459 [INFO] IPUIPlugin:80 - create IPUIPlugin
2025-01-30 22:11:31,459 [INFO] PluginManager:220 - loadIPPluginJar : add tracer_emb
2025-01-30 22:11:31,493 [INFO] IPUIPlugin:80 - create IPUIPlugin
2025-01-30 22:11:31,493 [INFO] PluginManager:220 - loadIPPluginJar : add ts
2025-01-30 22:11:31,526 [INFO] IPUIPlugin:80 - create IPUIPlugin
2025-01-30 22:11:31,526 [INFO] PluginManager:220 - loadIPPluginJar : add tsc
2025-01-30 22:11:31,557 [INFO] IPUIPlugin:80 - create IPUIPlugin
2025-01-30 22:11:31,557 [INFO] PluginManager:220 - loadIPPluginJar : add ucpd
2025-01-30 22:11:31,622 [INFO] IPUIPlugin:80 - create IPUIPlugin
2025-01-30 22:11:31,622 [INFO] PluginManager:220 - loadIPPluginJar : add usart
2025-01-30 22:11:31,686 [INFO] IPUIPlugin:80 - create IPUIPlugin
2025-01-30 22:11:31,686 [INFO] PluginManager:220 - loadIPPluginJar : add usbx
2025-01-30 22:11:31,846 [FATAL] Updater:351 - Updater called before beeing initialized
2025-01-30 22:11:31,906 [INFO] RulesReader:64 - Compatibility file has been processed (297 Rules)
2025-01-30 22:11:31,926 [INFO] RulesReader:64 - Compatibility file has been processed (297 Rules)
2025-01-30 22:11:31,940 [INFO] CADModel:165 - CPN selected for project level
2025-01-30 22:11:31,940 [INFO] CADModel:114 - Register for checkConnection events
2025-01-30 22:11:31,940 [FATAL] Updater:351 - Updater called before beeing initialized
2025-01-30 22:11:31,941 [ERROR] CADModel:125 - Updater not yet initialized, retry later 
2025-01-30 22:11:32,162 [FATAL] Updater:351 - Updater called before beeing initialized
2025-01-30 22:11:32,165 [INFO] CADModel:165 - CPN selected for project level
2025-01-30 22:11:32,165 [INFO] CADModel:114 - Register for checkConnection events
2025-01-30 22:11:32,166 [FATAL] Updater:351 - Updater called before beeing initialized
2025-01-30 22:11:32,166 [ERROR] CADModel:125 - Updater not yet initialized, retry later 
2025-01-30 22:11:32,171 [FATAL] Updater:351 - Updater called before beeing initialized
2025-01-30 22:11:32,390 [FATAL] Updater:351 - Updater called before beeing initialized
2025-01-30 22:11:32,407 [INFO] DbMcusAds:53 - JSON generation date=Tue Dec 17 17:01:15 CET 2024 (1734451275111)
2025-01-30 22:11:32,407 [FATAL] Updater:351 - Updater called before beeing initialized
2025-01-30 22:11:32,480 [WARN] DetailPanel:346 - Failed to get advertising image, set to default
2025-01-30 22:11:32,817 [FATAL] Updater:351 - Updater called before beeing initialized
2025-01-30 22:11:32,819 [FATAL] Updater:351 - Updater called before beeing initialized
2025-01-30 22:11:32,820 [FATAL] Updater:351 - Updater called before beeing initialized
2025-01-30 22:11:32,820 [WARN] DetailPanel:346 - Failed to get advertising image, set to default
2025-01-30 22:11:32,821 [FATAL] Updater:351 - Updater called before beeing initialized
2025-01-30 22:11:32,926 [ERROR] Updater:1198 - MainUpdater not yet initialized. External WinMGr cannot be set.
2025-01-30 22:11:32,942 [INFO] Updater:1134 - Updater Version found : 6.13.0
2025-01-30 22:11:32,972 [INFO] ApplicationProperties:184 - Using Application install path: C:\ST\STM32CubeIDE_1.17.0\STM32CubeIDE\plugins\com.st.stm32cube.common.mx_6.13.0.202411220809
2025-01-30 22:11:33,631 [INFO] ThirdPartyUpdaterWithRetryManager:70 - Updater plugin not ready yet. [3/15]
2025-01-30 22:11:34,565 [ERROR] LogOutputStream:75 - [STDERR_REDIRECT] Jan 30, 2025 10:11:34 PM java.util.prefs.WindowsPreferences <init>
2025-01-30 22:11:34,567 [ERROR] LogOutputStream:75 - [STDERR_REDIRECT] WARNING: Could not open/create prefs root node Software\JavaSoft\Prefs at root 0xffffffff80000002. Windows RegCreateKeyEx(...) returned error code 5.
2025-01-30 22:11:34,568 [ERROR] LogOutputStream:75 - [STDERR_REDIRECT] 
2025-01-30 22:11:35,292 [INFO] MainUpdater:2872 - connection check result : 10
2025-01-30 22:11:35,294 [INFO] MainUpdater:289 - Updater Check For Update Now.
2025-01-30 22:11:35,294 [INFO] MicroXplorer:498 - Change Database Version : DB.6.0.130
2025-01-30 22:11:35,358 [INFO] McuFinderGlobals:63 - Set McuFinder mode to 2 (CubeIDE integrated)
2025-01-30 22:11:35,481 [INFO] UserAuth:486 - Internet connection configuration mode: 1
2025-01-30 22:11:35,556 [INFO] JxBrowserEngine:152 - Initiate JxBrowser Engine with user profile folder
2025-01-30 22:11:36,097 [INFO] CheckServerUpdateThread:120 - End of CheckServer Thread
2025-01-30 22:11:38,344 [WARN] PackLoader:240 - Cannot read IP mode file for STMicroelectronics.FP-SNS-MOTENVWB1.1.4.0
2025-01-30 22:11:38,389 [WARN] PackLoader:240 - Cannot read IP mode file for STMicroelectronics.FP-ATR-ASTRA1.2.0.1
2025-01-30 22:11:38,428 [WARN] PackLoader:240 - Cannot read IP mode file for STMicroelectronics.X-CUBE-SMBUS.2.1.0
2025-01-30 22:11:38,439 [INFO] WebApp:168 - Instantiating new browser for Auth
2025-01-30 22:11:38,474 [WARN] PackLoader:240 - Cannot read IP mode file for STMicroelectronics.X-CUBE-WB05N.1.1.0
2025-01-30 22:11:38,771 [WARN] PackLoader:240 - Cannot read IP mode file for STMicroelectronics.X-CUBE-AZRTOS-F7.1.1.0
2025-01-30 22:11:38,832 [WARN] PackLoader:240 - Cannot read IP mode file for STMicroelectronics.FP-SNS-FLIGHT1.5.0.2
2025-01-30 22:11:39,030 [WARN] PackLoader:240 - Cannot read IP mode file for Infineon.AIROC-Wi-Fi-Bluetooth-STM32.1.7.0
2025-01-30 22:11:39,077 [WARN] PackLoader:240 - Cannot read IP mode file for STMicroelectronics.X-CUBE-DISPLAY.3.0.0
2025-01-30 22:11:39,120 [WARN] PackLoader:240 - Cannot read IP mode file for STMicroelectronics.X-CUBE-BLE1.7.0.0
2025-01-30 22:11:39,149 [WARN] PackLoader:240 - Cannot read IP mode file for STMicroelectronics.X-CUBE-NFC10.1.0.0
2025-01-30 22:11:39,195 [WARN] PackLoader:240 - Cannot read IP mode file for STMicroelectronics.X-CUBE-BLEMGR.4.0.0
2025-01-30 22:11:39,234 [WARN] PackLoader:240 - Cannot read IP mode file for emotas.I-CUBE-CANOPEN.1.3.0
2025-01-30 22:11:39,268 [WARN] PackLoader:240 - Cannot read IP mode file for STMicroelectronics.X-CUBE-AI.10.0.0
2025-01-30 22:11:39,301 [WARN] PackLoader:240 - Cannot read IP mode file for STMicroelectronics.FP-SNS-SMARTAG2.1.2.0
2025-01-30 22:11:39,720 [WARN] PackLoader:240 - Cannot read IP mode file for STMicroelectronics.X-CUBE-MEMS1.11.1.0
2025-01-30 22:11:40,231 [INFO] LogOutputStream:77 - [STDOUT_REDIRECT] 1 : Invalid condition id : UX_CORESTACK_Condition cause : null
2025-01-30 22:11:40,232 [INFO] LogOutputStream:77 - [STDOUT_REDIRECT] 1 : Invalid condition id : UX_CORESTACK_Condition cause : null
2025-01-30 22:11:40,237 [INFO] LogOutputStream:77 - [STDOUT_REDIRECT] 1 : Invalid condition id : UX_CORESTACK_Condition cause : null
2025-01-30 22:11:40,239 [INFO] LogOutputStream:77 - [STDOUT_REDIRECT] 1 : Invalid condition id : UX_CORESTACK_Condition cause : null
2025-01-30 22:11:40,241 [INFO] LogOutputStream:77 - [STDOUT_REDIRECT] 1 : Invalid condition id : UX_CORESTACK_Condition cause : null
2025-01-30 22:11:40,271 [WARN] PackLoader:240 - Cannot read IP mode file for STMicroelectronics.X-CUBE-AZRTOS-WL.2.0.0
2025-01-30 22:11:40,322 [WARN] PackLoader:240 - Cannot read IP mode file for STMicroelectronics.FP-SNS-MOTENV1.5.0.0
2025-01-30 22:11:40,350 [WARN] PackLoader:240 - Cannot read IP mode file for wolfSSL.I-CUBE-wolfMQTT.1.19.0
2025-01-30 22:11:40,446 [WARN] PackLoader:240 - Cannot read IP mode file for WES.I-CUBE-Cesium.1.3.0
2025-01-30 22:11:40,549 [WARN] PackLoader:240 - Cannot read IP mode file for STMicroelectronics.X-CUBE-BLE2.3.3.0
2025-01-30 22:11:40,611 [WARN] PackLoader:240 - Cannot read IP mode file for STMicroelectronics.X-CUBE-NFC9.1.0.0
2025-01-30 22:11:40,857 [WARN] PackLoader:240 - Cannot read IP mode file for STMicroelectronics.X-CUBE-AZRTOS-G0.1.1.0
2025-01-30 22:11:41,014 [WARN] PackLoader:240 - Cannot read IP mode file for STMicroelectronics.X-CUBE-SAFEA1.1.2.2
2025-01-30 22:11:41,055 [INFO] WebApp:449 - Apply proxy settings
2025-01-30 22:11:41,055 [INFO] WebApp:534 - Chromium requires no authentication
2025-01-30 22:11:41,065 [WARN] PackLoader:240 - Cannot read IP mode file for STMicroelectronics.X-CUBE-NFC4.3.0.0
2025-01-30 22:11:41,075 [INFO] WebApp:477 - Direct internet connection detected
2025-01-30 22:11:41,144 [INFO] WebApp:880 - Register for checkConnection events
2025-01-30 22:11:41,145 [INFO] WebApp:449 - Apply proxy settings
2025-01-30 22:11:41,145 [INFO] WebApp:534 - Chromium requires no authentication
2025-01-30 22:11:41,146 [INFO] WebApp:477 - Direct internet connection detected
2025-01-30 22:11:41,180 [WARN] PackLoader:240 - Cannot read IP mode file for EmbeddedOffice.I-CUBE-FS-RTOS.1.0.1
2025-01-30 22:11:41,409 [WARN] PackLoader:240 - Cannot read IP mode file for STMicroelectronics.X-CUBE-TCPP.4.2.0
2025-01-30 22:11:41,495 [WARN] PackLoader:240 - Cannot read IP mode file for RealThread.X-CUBE-RT-Thread_Nano.4.1.1
2025-01-30 22:11:41,523 [WARN] PackLoader:240 - Cannot read IP mode file for STMicroelectronics.FP-ATR-SIGFOX1.3.2.0
2025-01-30 22:11:41,560 [WARN] ConditionMgr:438 - getConditionDescription Invalid condition id : Cortex-A Device cause : null
2025-01-30 22:11:41,639 [WARN] ConditionMgr:1044 - genDependencies : Invalid condition id : Cortex-A Device cause : null
2025-01-30 22:11:41,642 [WARN] ConditionMgr:1044 - genDependencies : Invalid condition id : Cortex-A Device cause : null
2025-01-30 22:11:41,643 [WARN] ConditionMgr:1044 - genDependencies : Invalid condition id : Cortex-A Device cause : null
2025-01-30 22:11:41,647 [INFO] WebApp:187 - Connection restablished
2025-01-30 22:11:41,883 [WARN] PackLoader:240 - Cannot read IP mode file for STMicroelectronics.X-CUBE-EEPRMA1.5.1.0
2025-01-30 22:11:42,022 [WARN] PackLoader:240 - Cannot read IP mode file for wolfSSL.I-CUBE-wolfSSL.5.7.4
2025-01-30 22:11:42,090 [INFO] WebApp:221 - Starting web application
2025-01-30 22:11:42,090 [INFO] WebApp:579 - Web application path used C:\ST\STM32CubeIDE_1.17.0\STM32CubeIDE\plugins\com.st.stm32cube.common.mx_6.13.0.202411220809\db\plugins\mcufinder\reactClient1\index.html
2025-01-30 22:11:42,116 [WARN] PackLoader:240 - Cannot read IP mode file for ITTIA_DB.I-CUBE-ITTIADB.8.9.0
2025-01-30 22:11:42,241 [WARN] PackLoader:240 - Cannot read IP mode file for SEGGER.I-CUBE-embOS.1.3.1
2025-01-30 22:11:42,403 [WARN] PackLoader:240 - Cannot read IP mode file for STMicroelectronics.X-CUBE-ALGOBUILD.1.4.0
2025-01-30 22:11:42,512 [WARN] PackLoader:240 - Cannot read IP mode file for STMicroelectronics.X-CUBE-AI.9.1.0
2025-01-30 22:11:42,646 [WARN] PackLoader:240 - Cannot read IP mode file for STMicroelectronics.X-CUBE-AZRTOS-F4.1.1.0
2025-01-30 22:11:42,679 [WARN] PackLoader:240 - Cannot read IP mode file for STMicroelectronics.X-CUBE-ISPU.2.1.0
2025-01-30 22:11:43,028 [WARN] PackLoader:240 - Cannot read IP mode file for STMicroelectronics.X-CUBE-AZRTOS-L5.2.0.0
2025-01-30 22:11:43,130 [WARN] PackLoader:240 - Cannot read IP mode file for STMicroelectronics.X-CUBE-NFC6.3.1.0
2025-01-30 22:11:43,193 [INFO] UserAuth:486 - Internet connection configuration mode: 1
2025-01-30 22:11:43,289 [WARN] PackLoader:240 - Cannot read IP mode file for STMicroelectronics.X-CUBE-DPower.1.2.0
2025-01-30 22:11:43,561 [WARN] PackLoader:240 - Cannot read IP mode file for STMicroelectronics.X-CUBE-FREERTOS.1.3.0
2025-01-30 22:11:43,592 [WARN] PackLoader:240 - Cannot read IP mode file for STMicroelectronics.X-CUBE-NFC7.1.0.1
2025-01-30 22:11:43,691 [WARN] ConditionMgr:438 - getConditionDescription Invalid condition id : LAN8742 Phy interface Condition cause : null
2025-01-30 22:11:43,691 [WARN] PackLoader:240 - Cannot read IP mode file for STMicroelectronics.X-CUBE-AZRTOS-L4.2.0.0
2025-01-30 22:11:43,693 [WARN] ConditionMgr:1044 - genDependencies : Invalid condition id : LAN8742 Phy interface Condition cause : null
2025-01-30 22:11:43,694 [WARN] ConditionMgr:1044 - genDependencies : Invalid condition id : LAN8742 Phy interface Condition cause : null
2025-01-30 22:11:43,695 [WARN] ConditionMgr:1044 - genDependencies : Invalid condition id : LAN8742 Phy interface Condition cause : null
2025-01-30 22:11:43,742 [WARN] PackLoader:240 - Cannot read IP mode file for STMicroelectronics.X-CUBE-SFXS2LP1.4.0.0
2025-01-30 22:11:43,839 [WARN] PackLoader:240 - Cannot read IP mode file for STMicroelectronics.X-CUBE-AZRTOS-H7.3.3.0
2025-01-30 22:11:43,922 [WARN] ConditionMgr:438 - getConditionDescription Invalid condition id : UX DEVICE CLASS RTOS Condition cause : null
2025-01-30 22:11:43,922 [WARN] ConditionMgr:438 - getConditionDescription Invalid condition id : UX DEVICE CLASS RTOS Condition cause : null
2025-01-30 22:11:43,925 [WARN] PackLoader:240 - Cannot read IP mode file for STMicroelectronics.X-CUBE-AZRTOS-WB.2.0.0
2025-01-30 22:11:43,926 [WARN] ConditionMgr:1044 - genDependencies : Invalid condition id : UX DEVICE CLASS RTOS Condition cause : null
2025-01-30 22:11:43,926 [WARN] ConditionMgr:1044 - genDependencies : Invalid condition id : UX DEVICE CLASS RTOS Condition cause : null
2025-01-30 22:11:43,927 [WARN] ConditionMgr:1044 - genDependencies : Invalid condition id : UX DEVICE CLASS RTOS Condition cause : null
2025-01-30 22:11:43,927 [WARN] ConditionMgr:1044 - genDependencies : Invalid condition id : UX DEVICE CLASS RTOS Condition cause : null
2025-01-30 22:11:43,928 [WARN] ConditionMgr:1044 - genDependencies : Invalid condition id : UX DEVICE CLASS RTOS Condition cause : null
2025-01-30 22:11:44,011 [WARN] PackLoader:240 - Cannot read IP mode file for STMicroelectronics.X-CUBE-GNSS1.7.0.1
2025-01-30 22:11:44,054 [WARN] PackLoader:240 - Cannot read IP mode file for STMicroelectronics.FP-SNS-STBOX1.2.0.0
2025-01-30 22:11:44,110 [WARN] PackLoader:240 - Cannot read IP mode file for STMicroelectronics.X-CUBE-SUBG2.5.0.0
2025-01-30 22:11:44,213 [WARN] PackLoader:240 - Cannot read IP mode file for Cesanta.I-CUBE-Mongoose.7.13.0
2025-01-30 22:11:44,263 [WARN] PackLoader:240 - Cannot read IP mode file for STMicroelectronics.X-CUBE-AZRTOS-G4.2.0.0
2025-01-30 22:11:44,357 [WARN] PackLoader:240 - Cannot read IP mode file for STMicroelectronics.X-CUBE-IPS.3.1.0
2025-01-30 22:11:44,495 [WARN] PackLoader:240 - Cannot read IP mode file for STMicroelectronics.X-CUBE-ALS.1.0.2
2025-01-30 22:11:44,568 [WARN] PackLoader:240 - Cannot read IP mode file for STMicroelectronics.X-CUBE-TOUCHGFX.4.24.2
2025-01-30 22:11:44,621 [WARN] PackLoader:240 - Cannot read IP mode file for wolfSSL.I-CUBE-wolfTPM.3.4.0
2025-01-30 22:11:44,652 [WARN] PackLoader:240 - Cannot read IP mode file for portGmbH.I-Cube-SoM-uGOAL.1.1.0
2025-01-30 22:11:44,760 [WARN] PackLoader:240 - Cannot read IP mode file for STMicroelectronics.X-CUBE-AZRTOS-H7RS.1.0.0
2025-01-30 22:11:44,859 [WARN] PackLoader:240 - Cannot read IP mode file for STMicroelectronics.X-CUBE-TOF1.3.4.2
2025-01-30 22:11:45,146 [WARN] PackLoader:240 - Cannot read IP mode file for wolfSSL.I-CUBE-wolfSSH.1.4.17
2025-01-30 22:11:45,270 [INFO] ThirdParty:978 - Integrity check success = true
2025-01-30 22:11:45,271 [INFO] IntegrityCheckThread:100 - exiting critical section [integrity check]
2025-01-30 22:11:45,271 [INFO] IntegrityCheckThread:103 - End integrity checks thread
2025-01-30 22:38:43,578 [ERROR] ConfigurationRetriever:142 - IOException on connection: Connect timed out
2025-01-30 22:38:45,680 [ERROR] LogOutputStream:75 - [STDERR_REDIRECT] 
2025-01-30 22:38:45,681 [ERROR] LogOutputStream:75 - [STDERR_REDIRECT] 
2025-01-30 22:40:02,593 [INFO] Activator:176 - 


2025-01-30 22:40:02,597 [INFO] Activator:177 - !SESSION log4j initialized
2025-01-30 22:40:10,471 [INFO] LogOutputStream:77 - [STDOUT_REDIRECT] 
2025-01-30 22:40:17,655 [INFO] ApplicationProperties:184 - Using Application install path: C:\ST\STM32CubeIDE_1.17.0\STM32CubeIDE\plugins\com.st.stm32cube.common.mx_6.13.0.202411220809
2025-01-30 22:40:17,678 [INFO] DbMcusXml:78 - Set database path to: C:\ST\STM32CubeIDE_1.17.0\STM32CubeIDE\plugins\com.st.stm32cube.common.mx_6.13.0.202411220809\\db\/mcu/
2025-01-30 22:40:17,678 [INFO] ApiDb:274 - Set plugin database path to: C:\ST\STM32CubeIDE_1.17.0\STM32CubeIDE\plugins\com.st.stm32cube.common.mx_6.13.0.202411220809\\db\/plugins/boardmanager/
2025-01-30 22:40:17,679 [WARN] ApiDb:259 - Overriding images path with different value:  => C:\ST\STM32CubeIDE_1.17.0\STM32CubeIDE\plugins\com.st.stm32cube.common.mx_6.13.0.202411220809\\db\/plugins/mcufinder/images/
2025-01-30 22:40:17,690 [INFO] ApiDb:250 - Set database path to: C:\Users\User\.stmcufinder\plugins\mcufinder//mcu/
2025-01-30 22:40:17,693 [INFO] DbMcusAds:125 - Set database path to: C:\Users\User\.stmcufinder\plugins\mcufinder//mcu/
2025-01-30 22:40:17,697 [INFO] CrossReferenceDbSqlite:203 - Set database path to: C:\Users\User\.stmcufinder\plugins\mcufinder//mcu/cs/
2025-01-30 22:40:17,862 [INFO] RulesReader:64 - Compatibility file has been processed (297 Rules)
2025-01-30 22:40:17,975 [INFO] DbMcusXml:78 - Set database path to: C:\ST\STM32CubeIDE_1.17.0\STM32CubeIDE\plugins\com.st.stm32cube.common.mx_6.13.0.202411220809\\db\/mcu/
2025-01-30 22:40:17,975 [INFO] ApiDb:274 - Set plugin database path to: C:\ST\STM32CubeIDE_1.17.0\STM32CubeIDE\plugins\com.st.stm32cube.common.mx_6.13.0.202411220809\\db\/plugins/boardmanager/
2025-01-30 22:40:17,975 [INFO] ApiDb:261 - Set plugin images path to: C:\ST\STM32CubeIDE_1.17.0\STM32CubeIDE\plugins\com.st.stm32cube.common.mx_6.13.0.202411220809\\db\/plugins/mcufinder/images/
2025-01-30 22:40:17,975 [WARN] DbFile:41 - Overriding database path with different value: C:\Users\User\.stmcufinder\plugins\mcufinder/ => C:\Users\User\.stmcufinder\plugins\mcufinder
2025-01-30 22:40:17,976 [INFO] ApiDb:250 - Set database path to: C:\Users\User\.stmcufinder\plugins\mcufinder//mcu/
2025-01-30 22:40:17,976 [WARN] DbFile:41 - Overriding database path with different value: C:\Users\User\.stmcufinder\plugins\mcufinder/ => C:\Users\User\.stmcufinder\plugins\mcufinder
2025-01-30 22:40:17,976 [INFO] DbMcusAds:125 - Set database path to: C:\Users\User\.stmcufinder\plugins\mcufinder//mcu/
2025-01-30 22:40:17,976 [WARN] DbFile:41 - Overriding database path with different value: C:\Users\User\.stmcufinder\plugins\mcufinder/ => C:\Users\User\.stmcufinder\plugins\mcufinder
2025-01-30 22:40:17,976 [WARN] DbFile:41 - Overriding database path with different value: C:\Users\User\.stmcufinder\plugins\mcufinder/ => C:\Users\User\.stmcufinder\plugins\mcufinder
2025-01-30 22:40:17,976 [INFO] CrossReferenceDbSqlite:203 - Set database path to: C:\Users\User\.stmcufinder\plugins\mcufinder//mcu/cs/
2025-01-30 22:40:18,075 [INFO] MainPanel:272 - HeapMemory: 268435456
2025-01-30 22:40:18,208 [INFO] DbMcusXml:78 - Set database path to: C:\ST\STM32CubeIDE_1.17.0\STM32CubeIDE\plugins\com.st.stm32cube.common.mx_6.13.0.202411220809\\db\/mcu/
2025-01-30 22:40:18,208 [INFO] ApiDb:274 - Set plugin database path to: C:\ST\STM32CubeIDE_1.17.0\STM32CubeIDE\plugins\com.st.stm32cube.common.mx_6.13.0.202411220809\\db\/plugins/boardmanager/
2025-01-30 22:40:18,208 [INFO] ApiDb:261 - Set plugin images path to: C:\ST\STM32CubeIDE_1.17.0\STM32CubeIDE\plugins\com.st.stm32cube.common.mx_6.13.0.202411220809\\db\/plugins/mcufinder/images/
2025-01-30 22:40:18,209 [WARN] DbFile:41 - Overriding database path with different value: C:\Users\User\.stmcufinder\plugins\mcufinder/ => C:\Users\User\.stmcufinder\plugins\mcufinder
2025-01-30 22:40:18,209 [INFO] ApiDb:250 - Set database path to: C:\Users\User\.stmcufinder\plugins\mcufinder//mcu/
2025-01-30 22:40:18,209 [WARN] DbFile:41 - Overriding database path with different value: C:\Users\User\.stmcufinder\plugins\mcufinder/ => C:\Users\User\.stmcufinder\plugins\mcufinder
2025-01-30 22:40:18,209 [INFO] DbMcusAds:125 - Set database path to: C:\Users\User\.stmcufinder\plugins\mcufinder//mcu/
2025-01-30 22:40:18,209 [WARN] DbFile:41 - Overriding database path with different value: C:\Users\User\.stmcufinder\plugins\mcufinder/ => C:\Users\User\.stmcufinder\plugins\mcufinder
2025-01-30 22:40:18,209 [WARN] DbFile:41 - Overriding database path with different value: C:\Users\User\.stmcufinder\plugins\mcufinder/ => C:\Users\User\.stmcufinder\plugins\mcufinder
2025-01-30 22:40:18,209 [INFO] CrossReferenceDbSqlite:203 - Set database path to: C:\Users\User\.stmcufinder\plugins\mcufinder//mcu/cs/
2025-01-30 22:40:18,233 [INFO] ApplicationProperties:184 - Using Application install path: C:\ST\STM32CubeIDE_1.17.0\STM32CubeIDE\plugins\com.st.stm32cube.common.mx_6.13.0.202411220809
2025-01-30 22:40:18,235 [INFO] PluginManage:196 - Search for loadable plugins [exclusion list=, ]
2025-01-30 22:40:18,237 [INFO] PluginManage:310 - Check plugin analytics
2025-01-30 22:40:23,051 [INFO] AnalyticsPlugin:253 - Accepted Software Licenses: 
2025-01-30 22:40:23,051 [INFO] AnalyticsPlugin:255 - Accepted CMSIS Pack Licenses: 
2025-01-30 22:40:23,051 [INFO] AnalyticsPlugin:257 - Accepted Firmware Licenses: FW.F4.1.28.0
2025-01-30 22:40:23,055 [INFO] PluginManage:359 - Loaded plugin analytics (category:tool,tabindex:-1)
2025-01-30 22:40:23,056 [INFO] PluginManage:310 - Check plugin cadmodel
2025-01-30 22:40:23,062 [INFO] CADModel:105 - Init CAD model plugin
2025-01-30 22:40:23,062 [INFO] PluginManage:359 - Loaded plugin cadmodel (category:power,tabindex:5)
2025-01-30 22:40:23,062 [INFO] PluginManage:310 - Check plugin clock
2025-01-30 22:40:23,075 [INFO] PluginManage:359 - Loaded plugin clock (category:base,tabindex:2)
2025-01-30 22:40:23,075 [INFO] PluginManage:310 - Check plugin ddr
2025-01-30 22:40:23,079 [INFO] PluginManage:359 - Loaded plugin ddr (category:tool,tabindex:6)
2025-01-30 22:40:23,079 [INFO] PluginManage:310 - Check plugin filemanager
2025-01-30 22:40:23,267 [INFO] PluginManage:359 - Loaded plugin filemanager (category:base,tabindex:10)
2025-01-30 22:40:23,267 [INFO] PluginManage:310 - Check plugin ipmanager
2025-01-30 22:40:23,279 [INFO] PluginManage:359 - Loaded plugin ipmanager (category:base,tabindex:5)
2025-01-30 22:40:23,279 [INFO] PluginManage:310 - Check plugin lpbam
2025-01-30 22:40:23,292 [INFO] PluginManage:359 - Loaded plugin lpbam (category:base,tabindex:0)
2025-01-30 22:40:23,292 [INFO] PluginManage:310 - Check plugin memorymap
2025-01-30 22:40:23,317 [INFO] PluginManage:359 - Loaded plugin memorymap (category:base,tabindex:4)
2025-01-30 22:40:23,317 [INFO] PluginManage:310 - Check plugin pinoutandconfiguration
2025-01-30 22:40:23,338 [INFO] PluginManage:359 - Loaded plugin pinoutandconfiguration (category:base,tabindex:1)
2025-01-30 22:40:23,338 [INFO] PluginManage:310 - Check plugin pinoutconfig
2025-01-30 22:40:23,556 [WARN] SupportedApi:132 - Cannot load RTOS API schema: s4s-elt-must-match.1: The content of 'definitions' must match (annotation?, (simpleType | complexType)?, (unique | key | keyref)*)). A problem was found starting at: attribute.
2025-01-30 22:40:23,762 [INFO] PluginManage:359 - Loaded plugin pinoutconfig (category:base,tabindex:0)
2025-01-30 22:40:23,762 [INFO] PluginManage:310 - Check plugin power
2025-01-30 22:40:23,776 [INFO] PluginManage:359 - Loaded plugin power (category:power,tabindex:4)
2025-01-30 22:40:23,776 [INFO] PluginManage:310 - Check plugin projectmanager
2025-01-30 22:40:23,802 [INFO] PluginManage:359 - Loaded plugin projectmanager (category:projectmanager,tabindex:4)
2025-01-30 22:40:23,802 [INFO] PluginManage:310 - Check plugin rif
2025-01-30 22:40:23,810 [INFO] PluginManage:359 - Loaded plugin rif (category:base,tabindex:3)
2025-01-30 22:40:23,810 [INFO] PluginManage:310 - Check plugin thirdparty
2025-01-30 22:40:24,018 [INFO] PluginManage:359 - Loaded plugin thirdparty (category:base,tabindex:-1)
2025-01-30 22:40:24,019 [INFO] PluginManage:310 - Check plugin tools
2025-01-30 22:40:24,018 [WARN] IntegrityCheckThread:84 - waiting for thirdparty lock release [integrity check]
2025-01-30 22:40:24,020 [INFO] IntegrityCheckThread:86 - entering critical section [integrity check]
2025-01-30 22:40:24,021 [INFO] ThirdPartyUpdaterWithRetryManager:70 - Updater plugin not ready yet. [1/15]
2025-01-30 22:40:24,022 [INFO] PluginManage:359 - Loaded plugin tools (category:base,tabindex:7)
2025-01-30 22:40:24,022 [INFO] PluginManage:310 - Check plugin tutovideos
2025-01-30 22:40:24,263 [INFO] PluginManage:359 - Loaded plugin tutovideos (category:base,tabindex:-1)
2025-01-30 22:40:24,263 [INFO] PluginManage:310 - Check plugin updater
2025-01-30 22:40:24,294 [INFO] PluginManage:359 - Loaded plugin updater (category:base,tabindex:12)
2025-01-30 22:40:24,294 [INFO] PluginManage:310 - Check plugin userauth
2025-01-30 22:40:24,299 [INFO] UserAuth:118 - Init User Auth plugin
2025-01-30 22:40:24,300 [INFO] PluginManage:359 - Loaded plugin userauth (category:base,tabindex:14)
2025-01-30 22:40:24,301 [INFO] PluginManage:283 - PluginManage : Loaded plugins [18]
2025-01-30 22:40:24,666 [INFO] PinOutPanel:1589 - setPackage(No Configuration,No Configuration)
2025-01-30 22:40:24,795 [INFO] CADModel:165 - CPN selected for project level
2025-01-30 22:40:24,795 [INFO] CADModel:114 - Register for checkConnection events
2025-01-30 22:40:24,816 [INFO] IPUIPlugin:80 - create IPUIPlugin
2025-01-30 22:40:24,817 [INFO] PluginManager:220 - loadIPPluginJar : add adc
2025-01-30 22:40:24,821 [INFO] IPUIPlugin:80 - create IPUIPlugin
2025-01-30 22:40:24,821 [INFO] PluginManager:220 - loadIPPluginJar : add aes
2025-01-30 22:40:24,825 [INFO] IPUIPlugin:80 - create IPUIPlugin
2025-01-30 22:40:24,825 [INFO] PluginManager:220 - loadIPPluginJar : add can
2025-01-30 22:40:24,827 [INFO] IPUIPlugin:80 - create IPUIPlugin
2025-01-30 22:40:24,827 [INFO] PluginManager:220 - loadIPPluginJar : add comp
2025-01-30 22:40:24,831 [INFO] IPUIPlugin:80 - create IPUIPlugin
2025-01-30 22:40:24,831 [INFO] PluginManager:220 - loadIPPluginJar : add cryp
2025-01-30 22:40:24,835 [INFO] IPUIPlugin:80 - create IPUIPlugin
2025-01-30 22:40:24,835 [INFO] PluginManager:220 - loadIPPluginJar : add ddr_ctrl_phy
2025-01-30 22:40:24,838 [INFO] IPUIPlugin:80 - create IPUIPlugin
2025-01-30 22:40:24,838 [INFO] PluginManager:220 - loadIPPluginJar : add dfsdm
2025-01-30 22:40:24,844 [INFO] IPUIPlugin:80 - create IPUIPlugin
2025-01-30 22:40:24,845 [INFO] PluginManager:220 - loadIPPluginJar : add dma
2025-01-30 22:40:24,848 [INFO] IPUIPlugin:80 - create IPUIPlugin
2025-01-30 22:40:24,848 [INFO] PluginManager:220 - loadIPPluginJar : add dma3
2025-01-30 22:40:24,851 [INFO] IPUIPlugin:80 - create IPUIPlugin
2025-01-30 22:40:24,851 [INFO] PluginManager:220 - loadIPPluginJar : add extmemmanager
2025-01-30 22:40:24,853 [INFO] IPUIPlugin:80 - create IPUIPlugin
2025-01-30 22:40:24,853 [INFO] PluginManager:220 - loadIPPluginJar : add fatfs
2025-01-30 22:40:24,859 [INFO] IPUIPlugin:80 - create IPUIPlugin
2025-01-30 22:40:24,859 [INFO] PluginManager:220 - loadIPPluginJar : add fmc
2025-01-30 22:40:24,866 [INFO] IPUIPlugin:80 - create IPUIPlugin
2025-01-30 22:40:24,867 [INFO] PluginManager:220 - loadIPPluginJar : add freertos
2025-01-30 22:40:24,869 [INFO] IPUIPlugin:80 - create IPUIPlugin
2025-01-30 22:40:24,869 [INFO] PluginManager:220 - loadIPPluginJar : add genericplugin
2025-01-30 22:40:24,873 [INFO] IPUIPlugin:80 - create IPUIPlugin
2025-01-30 22:40:24,873 [INFO] PluginManager:220 - loadIPPluginJar : add gfxmmu
2025-01-30 22:40:24,880 [INFO] IPUIPlugin:80 - create IPUIPlugin
2025-01-30 22:40:24,880 [INFO] PluginManager:220 - loadIPPluginJar : add gic
2025-01-30 22:40:24,886 [INFO] IPUIPlugin:80 - create IPUIPlugin
2025-01-30 22:40:24,886 [INFO] PluginManager:220 - loadIPPluginJar : add gpio
2025-01-30 22:40:24,891 [INFO] IPUIPlugin:80 - create IPUIPlugin
2025-01-30 22:40:24,891 [INFO] PluginManager:220 - loadIPPluginJar : add gtzc
2025-01-30 22:40:24,895 [INFO] IPUIPlugin:80 - create IPUIPlugin
2025-01-30 22:40:24,895 [INFO] PluginManager:220 - loadIPPluginJar : add hash
2025-01-30 22:40:24,900 [INFO] IPUIPlugin:80 - create IPUIPlugin
2025-01-30 22:40:24,900 [INFO] PluginManager:220 - loadIPPluginJar : add i2c
2025-01-30 22:40:24,904 [INFO] IPUIPlugin:80 - create IPUIPlugin
2025-01-30 22:40:24,904 [INFO] PluginManager:220 - loadIPPluginJar : add i2s
2025-01-30 22:40:24,908 [INFO] IPUIPlugin:80 - create IPUIPlugin
2025-01-30 22:40:24,909 [INFO] PluginManager:220 - loadIPPluginJar : add i3c
2025-01-30 22:40:24,916 [INFO] IPUIPlugin:80 - create IPUIPlugin
2025-01-30 22:40:24,917 [INFO] PluginManager:220 - loadIPPluginJar : add ipddr
2025-01-30 22:40:24,926 [INFO] IPUIPlugin:80 - create IPUIPlugin
2025-01-30 22:40:24,926 [INFO] PluginManager:220 - loadIPPluginJar : add linkedlist
2025-01-30 22:40:24,930 [INFO] IPUIPlugin:80 - create IPUIPlugin
2025-01-30 22:40:24,931 [INFO] PluginManager:220 - loadIPPluginJar : add lorawan
2025-01-30 22:40:24,933 [INFO] IPUIPlugin:80 - create IPUIPlugin
2025-01-30 22:40:24,933 [INFO] PluginManager:220 - loadIPPluginJar : add ltdc
2025-01-30 22:40:24,939 [INFO] IPUIPlugin:80 - create IPUIPlugin
2025-01-30 22:40:24,940 [INFO] PluginManager:220 - loadIPPluginJar : add mdma
2025-01-30 22:40:24,944 [INFO] IPUIPlugin:80 - create IPUIPlugin
2025-01-30 22:40:24,944 [INFO] PluginManager:220 - loadIPPluginJar : add nvic
2025-01-30 22:40:24,948 [INFO] IPUIPlugin:80 - create IPUIPlugin
2025-01-30 22:40:24,948 [INFO] PluginManager:220 - loadIPPluginJar : add opamp
2025-01-30 22:40:24,952 [INFO] IPUIPlugin:80 - create IPUIPlugin
2025-01-30 22:40:24,953 [INFO] PluginManager:220 - loadIPPluginJar : add openamp
2025-01-30 22:40:24,957 [INFO] IPUIPlugin:80 - create IPUIPlugin
2025-01-30 22:40:24,958 [INFO] PluginManager:220 - loadIPPluginJar : add pdm2pcm
2025-01-30 22:40:24,967 [INFO] IPUIPlugin:80 - create IPUIPlugin
2025-01-30 22:40:24,970 [INFO] PluginManager:220 - loadIPPluginJar : add plateformsettings
2025-01-30 22:40:24,972 [INFO] IPUIPlugin:80 - create IPUIPlugin
2025-01-30 22:40:24,972 [INFO] PluginManager:220 - loadIPPluginJar : add quadspi
2025-01-30 22:40:24,974 [INFO] IPUIPlugin:80 - create IPUIPlugin
2025-01-30 22:40:24,975 [INFO] PluginManager:220 - loadIPPluginJar : add radio
2025-01-30 22:40:24,979 [INFO] IPUIPlugin:80 - create IPUIPlugin
2025-01-30 22:40:24,979 [INFO] PluginManager:220 - loadIPPluginJar : add resmgrutility
2025-01-30 22:40:24,982 [INFO] IPUIPlugin:80 - create IPUIPlugin
2025-01-30 22:40:24,983 [INFO] PluginManager:220 - loadIPPluginJar : add sai
2025-01-30 22:40:24,986 [INFO] IPUIPlugin:80 - create IPUIPlugin
2025-01-30 22:40:24,986 [INFO] PluginManager:220 - loadIPPluginJar : add spi
2025-01-30 22:40:24,993 [INFO] IPUIPlugin:80 - create IPUIPlugin
2025-01-30 22:40:24,993 [INFO] PluginManager:220 - loadIPPluginJar : add stm32_wpan
2025-01-30 22:40:24,995 [INFO] IPUIPlugin:80 - create IPUIPlugin
2025-01-30 22:40:24,995 [INFO] PluginManager:220 - loadIPPluginJar : add tim
2025-01-30 22:40:24,999 [INFO] IPUIPlugin:80 - create IPUIPlugin
2025-01-30 22:40:24,999 [INFO] PluginManager:220 - loadIPPluginJar : add touchsensing
2025-01-30 22:40:25,002 [INFO] IPUIPlugin:80 - create IPUIPlugin
2025-01-30 22:40:25,002 [INFO] PluginManager:220 - loadIPPluginJar : add tracer_emb
2025-01-30 22:40:25,004 [INFO] IPUIPlugin:80 - create IPUIPlugin
2025-01-30 22:40:25,004 [INFO] PluginManager:220 - loadIPPluginJar : add ts
2025-01-30 22:40:25,007 [INFO] IPUIPlugin:80 - create IPUIPlugin
2025-01-30 22:40:25,007 [INFO] PluginManager:220 - loadIPPluginJar : add tsc
2025-01-30 22:40:25,009 [INFO] IPUIPlugin:80 - create IPUIPlugin
2025-01-30 22:40:25,010 [INFO] PluginManager:220 - loadIPPluginJar : add ucpd
2025-01-30 22:40:25,013 [INFO] IPUIPlugin:80 - create IPUIPlugin
2025-01-30 22:40:25,013 [INFO] PluginManager:220 - loadIPPluginJar : add usart
2025-01-30 22:40:25,017 [INFO] IPUIPlugin:80 - create IPUIPlugin
2025-01-30 22:40:25,017 [INFO] PluginManager:220 - loadIPPluginJar : add usbx
2025-01-30 22:40:25,163 [FATAL] Updater:351 - Updater called before beeing initialized
2025-01-30 22:40:25,280 [INFO] RulesReader:64 - Compatibility file has been processed (297 Rules)
2025-01-30 22:40:25,299 [INFO] RulesReader:64 - Compatibility file has been processed (297 Rules)
2025-01-30 22:40:25,311 [INFO] CADModel:165 - CPN selected for project level
2025-01-30 22:40:25,311 [INFO] CADModel:114 - Register for checkConnection events
2025-01-30 22:40:25,312 [FATAL] Updater:351 - Updater called before beeing initialized
2025-01-30 22:40:25,312 [ERROR] CADModel:125 - Updater not yet initialized, retry later 
2025-01-30 22:40:25,488 [FATAL] Updater:351 - Updater called before beeing initialized
2025-01-30 22:40:25,490 [INFO] CADModel:165 - CPN selected for project level
2025-01-30 22:40:25,490 [INFO] CADModel:114 - Register for checkConnection events
2025-01-30 22:40:25,490 [FATAL] Updater:351 - Updater called before beeing initialized
2025-01-30 22:40:25,490 [ERROR] CADModel:125 - Updater not yet initialized, retry later 
2025-01-30 22:40:25,494 [FATAL] Updater:351 - Updater called before beeing initialized
2025-01-30 22:40:25,684 [FATAL] Updater:351 - Updater called before beeing initialized
2025-01-30 22:40:25,689 [INFO] DbMcusAds:53 - JSON generation date=Tue Dec 17 17:01:15 CET 2024 (1734451275111)
2025-01-30 22:40:25,689 [FATAL] Updater:351 - Updater called before beeing initialized
2025-01-30 22:40:25,736 [WARN] DetailPanel:346 - Failed to get advertising image, set to default
2025-01-30 22:40:26,068 [FATAL] Updater:351 - Updater called before beeing initialized
2025-01-30 22:40:26,071 [FATAL] Updater:351 - Updater called before beeing initialized
2025-01-30 22:40:26,071 [FATAL] Updater:351 - Updater called before beeing initialized
2025-01-30 22:40:26,071 [WARN] DetailPanel:346 - Failed to get advertising image, set to default
2025-01-30 22:40:26,072 [FATAL] Updater:351 - Updater called before beeing initialized
2025-01-30 22:40:26,154 [ERROR] Updater:1198 - MainUpdater not yet initialized. External WinMGr cannot be set.
2025-01-30 22:40:26,157 [INFO] Updater:1134 - Updater Version found : 6.13.0
2025-01-30 22:40:26,176 [INFO] ApplicationProperties:184 - Using Application install path: C:\ST\STM32CubeIDE_1.17.0\STM32CubeIDE\plugins\com.st.stm32cube.common.mx_6.13.0.202411220809
2025-01-30 22:40:27,022 [INFO] ThirdPartyUpdaterWithRetryManager:70 - Updater plugin not ready yet. [2/15]
2025-01-30 22:40:27,785 [ERROR] LogOutputStream:75 - [STDERR_REDIRECT] Jan 30, 2025 10:40:27 PM java.util.prefs.WindowsPreferences <init>
2025-01-30 22:40:27,797 [ERROR] LogOutputStream:75 - [STDERR_REDIRECT] WARNING: Could not open/create prefs root node Software\JavaSoft\Prefs at root 0xffffffff80000002. Windows RegCreateKeyEx(...) returned error code 5.
2025-01-30 22:40:27,799 [ERROR] LogOutputStream:75 - [STDERR_REDIRECT] 
2025-01-30 22:40:30,024 [FATAL] Updater:351 - Updater called before beeing initialized
2025-01-30 22:40:30,025 [ERROR] IntegrityCheckThread:130 - Cannot retrieve database content from updater: error 21
2025-01-30 22:40:30,026 [INFO] ThirdParty:978 - Integrity check success = false
2025-01-30 22:40:30,026 [INFO] IntegrityCheckThread:100 - exiting critical section [integrity check]
2025-01-30 22:40:30,027 [INFO] IntegrityCheckThread:103 - End integrity checks thread
2025-01-30 22:40:32,356 [INFO] MainUpdater:2872 - connection check result : 10
2025-01-30 22:40:32,358 [INFO] MainUpdater:289 - Updater Check For Update Now.
2025-01-30 22:40:32,359 [INFO] MicroXplorer:498 - Change Database Version : DB.6.0.130
2025-01-30 22:40:32,378 [INFO] McuFinderGlobals:63 - Set McuFinder mode to 2 (CubeIDE integrated)
2025-01-30 22:40:32,379 [INFO] UserAuth:486 - Internet connection configuration mode: 1
2025-01-30 22:40:32,438 [INFO] JxBrowserEngine:152 - Initiate JxBrowser Engine with user profile folder
2025-01-30 22:40:32,624 [INFO] CheckServerUpdateThread:120 - End of CheckServer Thread
2025-01-30 22:40:33,783 [INFO] WebApp:168 - Instantiating new browser for Auth
2025-01-30 22:40:34,907 [INFO] WebApp:449 - Apply proxy settings
2025-01-30 22:40:34,908 [INFO] WebApp:534 - Chromium requires no authentication
2025-01-30 22:40:34,925 [INFO] WebApp:477 - Direct internet connection detected
2025-01-30 22:40:34,973 [INFO] WebApp:880 - Register for checkConnection events
2025-01-30 22:40:34,973 [INFO] WebApp:449 - Apply proxy settings
2025-01-30 22:40:34,973 [INFO] WebApp:534 - Chromium requires no authentication
2025-01-30 22:40:34,974 [INFO] WebApp:477 - Direct internet connection detected
2025-01-30 22:40:35,210 [INFO] WebApp:187 - Connection restablished
2025-01-30 22:40:35,313 [INFO] WebApp:221 - Starting web application
2025-01-30 22:40:35,313 [INFO] WebApp:579 - Web application path used C:\ST\STM32CubeIDE_1.17.0\STM32CubeIDE\plugins\com.st.stm32cube.common.mx_6.13.0.202411220809\db\plugins\mcufinder\reactClient1\index.html
2025-01-30 22:40:35,482 [INFO] UserAuth:486 - Internet connection configuration mode: 1
2025-01-30 23:14:36,926 [INFO] WebApp:190 - Connection lost
2025-01-30 23:14:39,464 [INFO] WebApp:187 - Connection restablished
2025-01-30 23:14:41,030 [INFO] WebApp:190 - Connection lost
2025-01-30 23:14:41,153 [INFO] WebApp:187 - Connection restablished
2025-01-30 23:14:44,193 [INFO] WebApp:190 - Connection lost
2025-01-30 23:14:44,363 [INFO] WebApp:187 - Connection restablished
2025-01-30 23:35:15,560 [INFO] WebApp:190 - Connection lost
2025-01-30 23:35:15,736 [INFO] WebApp:187 - Connection restablished
2025-01-30 23:36:05,587 [INFO] WebApp:190 - Connection lost
2025-01-30 23:36:05,791 [INFO] WebApp:187 - Connection restablished
2025-01-30 23:52:39,871 [ERROR] LogOutputStream:75 - [STDERR_REDIRECT] 
2025-01-30 23:52:39,872 [ERROR] LogOutputStream:75 - [STDERR_REDIRECT] 
