2025-01-18 00:14:12,395 [ERROR] LogOutputStream:75 - [STDERR_REDIRECT] 
2025-01-18 22:48:29,083 [INFO] Activator:176 - 


2025-01-18 22:48:29,088 [INFO] Activator:177 - !SESSION log4j initialized
2025-01-18 22:48:40,666 [INFO] LogOutputStream:77 - [STDOUT_REDIRECT] 
2025-01-18 22:48:48,784 [INFO] ApplicationProperties:184 - Using Application install path: C:\ST\STM32CubeIDE_1.17.0\STM32CubeIDE\plugins\com.st.stm32cube.common.mx_6.13.0.202411220809
2025-01-18 22:48:48,808 [INFO] DbMcusXml:78 - Set database path to: C:\ST\STM32CubeIDE_1.17.0\STM32CubeIDE\plugins\com.st.stm32cube.common.mx_6.13.0.202411220809\\db\/mcu/
2025-01-18 22:48:48,809 [INFO] ApiDb:274 - Set plugin database path to: C:\ST\STM32CubeIDE_1.17.0\STM32CubeIDE\plugins\com.st.stm32cube.common.mx_6.13.0.202411220809\\db\/plugins/boardmanager/
2025-01-18 22:48:48,809 [WARN] ApiDb:259 - Overriding images path with different value:  => C:\ST\STM32CubeIDE_1.17.0\STM32CubeIDE\plugins\com.st.stm32cube.common.mx_6.13.0.202411220809\\db\/plugins/mcufinder/images/
2025-01-18 22:48:48,822 [INFO] ApiDb:250 - Set database path to: C:\Users\User\.stmcufinder\plugins\mcufinder//mcu/
2025-01-18 22:48:48,823 [INFO] DbMcusAds:125 - Set database path to: C:\Users\User\.stmcufinder\plugins\mcufinder//mcu/
2025-01-18 22:48:48,826 [INFO] CrossReferenceDbSqlite:203 - Set database path to: C:\Users\User\.stmcufinder\plugins\mcufinder//mcu/cs/
2025-01-18 22:48:48,978 [ERROR] ConfigurationRetriever:142 - IOException on connection: Connect timed out
2025-01-18 22:48:49,039 [INFO] RulesReader:64 - Compatibility file has been processed (297 Rules)
2025-01-18 22:48:49,175 [INFO] DbMcusXml:78 - Set database path to: C:\ST\STM32CubeIDE_1.17.0\STM32CubeIDE\plugins\com.st.stm32cube.common.mx_6.13.0.202411220809\\db\/mcu/
2025-01-18 22:48:49,175 [INFO] ApiDb:274 - Set plugin database path to: C:\ST\STM32CubeIDE_1.17.0\STM32CubeIDE\plugins\com.st.stm32cube.common.mx_6.13.0.202411220809\\db\/plugins/boardmanager/
2025-01-18 22:48:49,175 [INFO] ApiDb:261 - Set plugin images path to: C:\ST\STM32CubeIDE_1.17.0\STM32CubeIDE\plugins\com.st.stm32cube.common.mx_6.13.0.202411220809\\db\/plugins/mcufinder/images/
2025-01-18 22:48:49,175 [WARN] DbFile:41 - Overriding database path with different value: C:\Users\User\.stmcufinder\plugins\mcufinder/ => C:\Users\User\.stmcufinder\plugins\mcufinder
2025-01-18 22:48:49,176 [INFO] ApiDb:250 - Set database path to: C:\Users\User\.stmcufinder\plugins\mcufinder//mcu/
2025-01-18 22:48:49,176 [WARN] DbFile:41 - Overriding database path with different value: C:\Users\User\.stmcufinder\plugins\mcufinder/ => C:\Users\User\.stmcufinder\plugins\mcufinder
2025-01-18 22:48:49,176 [INFO] DbMcusAds:125 - Set database path to: C:\Users\User\.stmcufinder\plugins\mcufinder//mcu/
2025-01-18 22:48:49,176 [WARN] DbFile:41 - Overriding database path with different value: C:\Users\User\.stmcufinder\plugins\mcufinder/ => C:\Users\User\.stmcufinder\plugins\mcufinder
2025-01-18 22:48:49,176 [WARN] DbFile:41 - Overriding database path with different value: C:\Users\User\.stmcufinder\plugins\mcufinder/ => C:\Users\User\.stmcufinder\plugins\mcufinder
2025-01-18 22:48:49,176 [INFO] CrossReferenceDbSqlite:203 - Set database path to: C:\Users\User\.stmcufinder\plugins\mcufinder//mcu/cs/
2025-01-18 22:48:49,302 [INFO] MainPanel:272 - HeapMemory: 268435456
2025-01-18 22:48:49,463 [INFO] DbMcusXml:78 - Set database path to: C:\ST\STM32CubeIDE_1.17.0\STM32CubeIDE\plugins\com.st.stm32cube.common.mx_6.13.0.202411220809\\db\/mcu/
2025-01-18 22:48:49,463 [INFO] ApiDb:274 - Set plugin database path to: C:\ST\STM32CubeIDE_1.17.0\STM32CubeIDE\plugins\com.st.stm32cube.common.mx_6.13.0.202411220809\\db\/plugins/boardmanager/
2025-01-18 22:48:49,463 [INFO] ApiDb:261 - Set plugin images path to: C:\ST\STM32CubeIDE_1.17.0\STM32CubeIDE\plugins\com.st.stm32cube.common.mx_6.13.0.202411220809\\db\/plugins/mcufinder/images/
2025-01-18 22:48:49,464 [WARN] DbFile:41 - Overriding database path with different value: C:\Users\User\.stmcufinder\plugins\mcufinder/ => C:\Users\User\.stmcufinder\plugins\mcufinder
2025-01-18 22:48:49,465 [INFO] ApiDb:250 - Set database path to: C:\Users\User\.stmcufinder\plugins\mcufinder//mcu/
2025-01-18 22:48:49,466 [WARN] DbFile:41 - Overriding database path with different value: C:\Users\User\.stmcufinder\plugins\mcufinder/ => C:\Users\User\.stmcufinder\plugins\mcufinder
2025-01-18 22:48:49,466 [INFO] DbMcusAds:125 - Set database path to: C:\Users\User\.stmcufinder\plugins\mcufinder//mcu/
2025-01-18 22:48:49,466 [WARN] DbFile:41 - Overriding database path with different value: C:\Users\User\.stmcufinder\plugins\mcufinder/ => C:\Users\User\.stmcufinder\plugins\mcufinder
2025-01-18 22:48:49,466 [WARN] DbFile:41 - Overriding database path with different value: C:\Users\User\.stmcufinder\plugins\mcufinder/ => C:\Users\User\.stmcufinder\plugins\mcufinder
2025-01-18 22:48:49,467 [INFO] CrossReferenceDbSqlite:203 - Set database path to: C:\Users\User\.stmcufinder\plugins\mcufinder//mcu/cs/
2025-01-18 22:48:49,496 [INFO] ApplicationProperties:184 - Using Application install path: C:\ST\STM32CubeIDE_1.17.0\STM32CubeIDE\plugins\com.st.stm32cube.common.mx_6.13.0.202411220809
2025-01-18 22:48:49,499 [INFO] PluginManage:196 - Search for loadable plugins [exclusion list=, ]
2025-01-18 22:48:49,501 [INFO] PluginManage:310 - Check plugin analytics
2025-01-18 22:48:50,981 [ERROR] ConfigurationRetriever:142 - IOException on connection: Connect timed out
2025-01-18 22:48:54,359 [INFO] AnalyticsPlugin:253 - Accepted Software Licenses: 
2025-01-18 22:48:54,360 [INFO] AnalyticsPlugin:255 - Accepted CMSIS Pack Licenses: 
2025-01-18 22:48:54,361 [INFO] AnalyticsPlugin:257 - Accepted Firmware Licenses: FW.F4.1.28.0
2025-01-18 22:48:54,370 [INFO] PluginManage:359 - Loaded plugin analytics (category:tool,tabindex:-1)
2025-01-18 22:48:54,371 [INFO] PluginManage:310 - Check plugin cadmodel
2025-01-18 22:48:54,419 [INFO] CADModel:105 - Init CAD model plugin
2025-01-18 22:48:54,419 [INFO] PluginManage:359 - Loaded plugin cadmodel (category:power,tabindex:5)
2025-01-18 22:48:54,419 [INFO] PluginManage:310 - Check plugin clock
2025-01-18 22:48:54,457 [INFO] PluginManage:359 - Loaded plugin clock (category:base,tabindex:2)
2025-01-18 22:48:54,457 [INFO] PluginManage:310 - Check plugin ddr
2025-01-18 22:48:54,464 [INFO] PluginManage:359 - Loaded plugin ddr (category:tool,tabindex:6)
2025-01-18 22:48:54,465 [INFO] PluginManage:310 - Check plugin filemanager
2025-01-18 22:48:54,739 [INFO] PluginManage:359 - Loaded plugin filemanager (category:base,tabindex:10)
2025-01-18 22:48:54,740 [INFO] PluginManage:310 - Check plugin ipmanager
2025-01-18 22:48:54,753 [INFO] PluginManage:359 - Loaded plugin ipmanager (category:base,tabindex:5)
2025-01-18 22:48:54,753 [INFO] PluginManage:310 - Check plugin lpbam
2025-01-18 22:48:54,784 [INFO] PluginManage:359 - Loaded plugin lpbam (category:base,tabindex:0)
2025-01-18 22:48:54,785 [INFO] PluginManage:310 - Check plugin memorymap
2025-01-18 22:48:54,832 [INFO] PluginManage:359 - Loaded plugin memorymap (category:base,tabindex:4)
2025-01-18 22:48:54,833 [INFO] PluginManage:310 - Check plugin pinoutandconfiguration
2025-01-18 22:48:54,872 [INFO] PluginManage:359 - Loaded plugin pinoutandconfiguration (category:base,tabindex:1)
2025-01-18 22:48:54,872 [INFO] PluginManage:310 - Check plugin pinoutconfig
2025-01-18 22:48:55,076 [WARN] SupportedApi:132 - Cannot load RTOS API schema: s4s-elt-must-match.1: The content of 'definitions' must match (annotation?, (simpleType | complexType)?, (unique | key | keyref)*)). A problem was found starting at: attribute.
2025-01-18 22:48:55,338 [INFO] PluginManage:359 - Loaded plugin pinoutconfig (category:base,tabindex:0)
2025-01-18 22:48:55,338 [INFO] PluginManage:310 - Check plugin power
2025-01-18 22:48:55,381 [INFO] PluginManage:359 - Loaded plugin power (category:power,tabindex:4)
2025-01-18 22:48:55,382 [INFO] PluginManage:310 - Check plugin projectmanager
2025-01-18 22:48:55,413 [INFO] PluginManage:359 - Loaded plugin projectmanager (category:projectmanager,tabindex:4)
2025-01-18 22:48:55,413 [INFO] PluginManage:310 - Check plugin rif
2025-01-18 22:48:55,444 [INFO] PluginManage:359 - Loaded plugin rif (category:base,tabindex:3)
2025-01-18 22:48:55,444 [INFO] PluginManage:310 - Check plugin thirdparty
2025-01-18 22:48:56,210 [INFO] PluginManage:359 - Loaded plugin thirdparty (category:base,tabindex:-1)
2025-01-18 22:48:56,211 [INFO] PluginManage:310 - Check plugin tools
2025-01-18 22:48:56,213 [WARN] IntegrityCheckThread:84 - waiting for thirdparty lock release [integrity check]
2025-01-18 22:48:56,213 [INFO] IntegrityCheckThread:86 - entering critical section [integrity check]
2025-01-18 22:48:56,214 [INFO] ThirdPartyUpdaterWithRetryManager:70 - Updater plugin not ready yet. [1/15]
2025-01-18 22:48:56,281 [INFO] PluginManage:359 - Loaded plugin tools (category:base,tabindex:7)
2025-01-18 22:48:56,281 [INFO] PluginManage:310 - Check plugin tutovideos
2025-01-18 22:48:56,596 [INFO] PluginManage:359 - Loaded plugin tutovideos (category:base,tabindex:-1)
2025-01-18 22:48:56,596 [INFO] PluginManage:310 - Check plugin updater
2025-01-18 22:48:56,640 [INFO] PluginManage:359 - Loaded plugin updater (category:base,tabindex:12)
2025-01-18 22:48:56,641 [INFO] PluginManage:310 - Check plugin userauth
2025-01-18 22:48:56,648 [INFO] UserAuth:118 - Init User Auth plugin
2025-01-18 22:48:56,650 [INFO] PluginManage:359 - Loaded plugin userauth (category:base,tabindex:14)
2025-01-18 22:48:56,651 [INFO] PluginManage:283 - PluginManage : Loaded plugins [18]
2025-01-18 22:48:57,097 [INFO] PinOutPanel:1589 - setPackage(No Configuration,No Configuration)
2025-01-18 22:48:57,237 [INFO] CADModel:165 - CPN selected for project level
2025-01-18 22:48:57,237 [INFO] CADModel:114 - Register for checkConnection events
2025-01-18 22:48:57,286 [INFO] IPUIPlugin:80 - create IPUIPlugin
2025-01-18 22:48:57,286 [INFO] PluginManager:220 - loadIPPluginJar : add adc
2025-01-18 22:48:57,355 [INFO] IPUIPlugin:80 - create IPUIPlugin
2025-01-18 22:48:57,356 [INFO] PluginManager:220 - loadIPPluginJar : add aes
2025-01-18 22:48:57,454 [INFO] IPUIPlugin:80 - create IPUIPlugin
2025-01-18 22:48:57,454 [INFO] PluginManager:220 - loadIPPluginJar : add can
2025-01-18 22:48:57,508 [INFO] IPUIPlugin:80 - create IPUIPlugin
2025-01-18 22:48:57,508 [INFO] PluginManager:220 - loadIPPluginJar : add comp
2025-01-18 22:48:57,584 [INFO] IPUIPlugin:80 - create IPUIPlugin
2025-01-18 22:48:57,584 [INFO] PluginManager:220 - loadIPPluginJar : add cryp
2025-01-18 22:48:57,613 [INFO] IPUIPlugin:80 - create IPUIPlugin
2025-01-18 22:48:57,613 [INFO] PluginManager:220 - loadIPPluginJar : add ddr_ctrl_phy
2025-01-18 22:48:57,664 [INFO] IPUIPlugin:80 - create IPUIPlugin
2025-01-18 22:48:57,664 [INFO] PluginManager:220 - loadIPPluginJar : add dfsdm
2025-01-18 22:48:57,686 [INFO] IPUIPlugin:80 - create IPUIPlugin
2025-01-18 22:48:57,686 [INFO] PluginManager:220 - loadIPPluginJar : add dma
2025-01-18 22:48:57,754 [INFO] IPUIPlugin:80 - create IPUIPlugin
2025-01-18 22:48:57,755 [INFO] PluginManager:220 - loadIPPluginJar : add dma3
2025-01-18 22:48:57,833 [INFO] IPUIPlugin:80 - create IPUIPlugin
2025-01-18 22:48:57,833 [INFO] PluginManager:220 - loadIPPluginJar : add extmemmanager
2025-01-18 22:48:57,882 [INFO] IPUIPlugin:80 - create IPUIPlugin
2025-01-18 22:48:57,882 [INFO] PluginManager:220 - loadIPPluginJar : add fatfs
2025-01-18 22:48:57,977 [INFO] IPUIPlugin:80 - create IPUIPlugin
2025-01-18 22:48:57,978 [INFO] PluginManager:220 - loadIPPluginJar : add fmc
2025-01-18 22:48:58,006 [INFO] IPUIPlugin:80 - create IPUIPlugin
2025-01-18 22:48:58,006 [INFO] PluginManager:220 - loadIPPluginJar : add freertos
2025-01-18 22:48:58,073 [INFO] IPUIPlugin:80 - create IPUIPlugin
2025-01-18 22:48:58,074 [INFO] PluginManager:220 - loadIPPluginJar : add genericplugin
2025-01-18 22:48:58,260 [INFO] IPUIPlugin:80 - create IPUIPlugin
2025-01-18 22:48:58,261 [INFO] PluginManager:220 - loadIPPluginJar : add gfxmmu
2025-01-18 22:48:58,492 [INFO] IPUIPlugin:80 - create IPUIPlugin
2025-01-18 22:48:58,492 [INFO] PluginManager:220 - loadIPPluginJar : add gic
2025-01-18 22:48:58,512 [INFO] IPUIPlugin:80 - create IPUIPlugin
2025-01-18 22:48:58,512 [INFO] PluginManager:220 - loadIPPluginJar : add gpio
2025-01-18 22:48:58,678 [INFO] IPUIPlugin:80 - create IPUIPlugin
2025-01-18 22:48:58,678 [INFO] PluginManager:220 - loadIPPluginJar : add gtzc
2025-01-18 22:48:58,736 [INFO] IPUIPlugin:80 - create IPUIPlugin
2025-01-18 22:48:58,736 [INFO] PluginManager:220 - loadIPPluginJar : add hash
2025-01-18 22:48:58,851 [INFO] IPUIPlugin:80 - create IPUIPlugin
2025-01-18 22:48:58,852 [INFO] PluginManager:220 - loadIPPluginJar : add i2c
2025-01-18 22:48:58,938 [INFO] IPUIPlugin:80 - create IPUIPlugin
2025-01-18 22:48:58,939 [INFO] PluginManager:220 - loadIPPluginJar : add i2s
2025-01-18 22:48:59,023 [INFO] IPUIPlugin:80 - create IPUIPlugin
2025-01-18 22:48:59,023 [INFO] PluginManager:220 - loadIPPluginJar : add i3c
2025-01-18 22:48:59,215 [INFO] ThirdPartyUpdaterWithRetryManager:70 - Updater plugin not ready yet. [2/15]
2025-01-18 22:48:59,227 [INFO] IPUIPlugin:80 - create IPUIPlugin
2025-01-18 22:48:59,227 [INFO] PluginManager:220 - loadIPPluginJar : add ipddr
2025-01-18 22:48:59,420 [INFO] IPUIPlugin:80 - create IPUIPlugin
2025-01-18 22:48:59,421 [INFO] PluginManager:220 - loadIPPluginJar : add linkedlist
2025-01-18 22:48:59,536 [INFO] IPUIPlugin:80 - create IPUIPlugin
2025-01-18 22:48:59,537 [INFO] PluginManager:220 - loadIPPluginJar : add lorawan
2025-01-18 22:48:59,609 [INFO] IPUIPlugin:80 - create IPUIPlugin
2025-01-18 22:48:59,610 [INFO] PluginManager:220 - loadIPPluginJar : add ltdc
2025-01-18 22:48:59,630 [INFO] IPUIPlugin:80 - create IPUIPlugin
2025-01-18 22:48:59,630 [INFO] PluginManager:220 - loadIPPluginJar : add mdma
2025-01-18 22:48:59,646 [INFO] IPUIPlugin:80 - create IPUIPlugin
2025-01-18 22:48:59,647 [INFO] PluginManager:220 - loadIPPluginJar : add nvic
2025-01-18 22:48:59,700 [INFO] IPUIPlugin:80 - create IPUIPlugin
2025-01-18 22:48:59,700 [INFO] PluginManager:220 - loadIPPluginJar : add opamp
2025-01-18 22:48:59,792 [INFO] IPUIPlugin:80 - create IPUIPlugin
2025-01-18 22:48:59,792 [INFO] PluginManager:220 - loadIPPluginJar : add openamp
2025-01-18 22:48:59,868 [INFO] IPUIPlugin:80 - create IPUIPlugin
2025-01-18 22:48:59,868 [INFO] PluginManager:220 - loadIPPluginJar : add pdm2pcm
2025-01-18 22:48:59,888 [INFO] IPUIPlugin:80 - create IPUIPlugin
2025-01-18 22:48:59,892 [INFO] PluginManager:220 - loadIPPluginJar : add plateformsettings
2025-01-18 22:48:59,926 [INFO] IPUIPlugin:80 - create IPUIPlugin
2025-01-18 22:48:59,927 [INFO] PluginManager:220 - loadIPPluginJar : add quadspi
2025-01-18 22:48:59,967 [INFO] IPUIPlugin:80 - create IPUIPlugin
2025-01-18 22:48:59,968 [INFO] PluginManager:220 - loadIPPluginJar : add radio
2025-01-18 22:48:59,988 [INFO] IPUIPlugin:80 - create IPUIPlugin
2025-01-18 22:48:59,988 [INFO] PluginManager:220 - loadIPPluginJar : add resmgrutility
2025-01-18 22:49:00,061 [INFO] IPUIPlugin:80 - create IPUIPlugin
2025-01-18 22:49:00,062 [INFO] PluginManager:220 - loadIPPluginJar : add sai
2025-01-18 22:49:00,130 [INFO] IPUIPlugin:80 - create IPUIPlugin
2025-01-18 22:49:00,130 [INFO] PluginManager:220 - loadIPPluginJar : add spi
2025-01-18 22:49:00,232 [INFO] IPUIPlugin:80 - create IPUIPlugin
2025-01-18 22:49:00,233 [INFO] PluginManager:220 - loadIPPluginJar : add stm32_wpan
2025-01-18 22:49:00,270 [INFO] IPUIPlugin:80 - create IPUIPlugin
2025-01-18 22:49:00,270 [INFO] PluginManager:220 - loadIPPluginJar : add tim
2025-01-18 22:49:00,362 [INFO] IPUIPlugin:80 - create IPUIPlugin
2025-01-18 22:49:00,363 [INFO] PluginManager:220 - loadIPPluginJar : add touchsensing
2025-01-18 22:49:00,397 [INFO] IPUIPlugin:80 - create IPUIPlugin
2025-01-18 22:49:00,397 [INFO] PluginManager:220 - loadIPPluginJar : add tracer_emb
2025-01-18 22:49:00,433 [INFO] IPUIPlugin:80 - create IPUIPlugin
2025-01-18 22:49:00,433 [INFO] PluginManager:220 - loadIPPluginJar : add ts
2025-01-18 22:49:00,471 [INFO] IPUIPlugin:80 - create IPUIPlugin
2025-01-18 22:49:00,471 [INFO] PluginManager:220 - loadIPPluginJar : add tsc
2025-01-18 22:49:00,506 [INFO] IPUIPlugin:80 - create IPUIPlugin
2025-01-18 22:49:00,506 [INFO] PluginManager:220 - loadIPPluginJar : add ucpd
2025-01-18 22:49:00,571 [INFO] IPUIPlugin:80 - create IPUIPlugin
2025-01-18 22:49:00,572 [INFO] PluginManager:220 - loadIPPluginJar : add usart
2025-01-18 22:49:00,650 [INFO] IPUIPlugin:80 - create IPUIPlugin
2025-01-18 22:49:00,650 [INFO] PluginManager:220 - loadIPPluginJar : add usbx
2025-01-18 22:49:00,814 [FATAL] Updater:351 - Updater called before beeing initialized
2025-01-18 22:49:00,860 [INFO] RulesReader:64 - Compatibility file has been processed (297 Rules)
2025-01-18 22:49:00,881 [INFO] RulesReader:64 - Compatibility file has been processed (297 Rules)
2025-01-18 22:49:00,895 [INFO] CADModel:165 - CPN selected for project level
2025-01-18 22:49:00,896 [INFO] CADModel:114 - Register for checkConnection events
2025-01-18 22:49:00,896 [FATAL] Updater:351 - Updater called before beeing initialized
2025-01-18 22:49:00,896 [ERROR] CADModel:125 - Updater not yet initialized, retry later 
2025-01-18 22:49:01,161 [FATAL] Updater:351 - Updater called before beeing initialized
2025-01-18 22:49:01,165 [INFO] CADModel:165 - CPN selected for project level
2025-01-18 22:49:01,165 [INFO] CADModel:114 - Register for checkConnection events
2025-01-18 22:49:01,165 [FATAL] Updater:351 - Updater called before beeing initialized
2025-01-18 22:49:01,165 [ERROR] CADModel:125 - Updater not yet initialized, retry later 
2025-01-18 22:49:01,172 [FATAL] Updater:351 - Updater called before beeing initialized
2025-01-18 22:49:01,400 [FATAL] Updater:351 - Updater called before beeing initialized
2025-01-18 22:49:01,414 [INFO] DbMcusAds:53 - JSON generation date=Tue Dec 17 17:01:15 CET 2024 (1734451275143)
2025-01-18 22:49:01,414 [FATAL] Updater:351 - Updater called before beeing initialized
2025-01-18 22:49:01,465 [WARN] DetailPanel:346 - Failed to get advertising image, set to default
2025-01-18 22:49:01,768 [FATAL] Updater:351 - Updater called before beeing initialized
2025-01-18 22:49:01,771 [FATAL] Updater:351 - Updater called before beeing initialized
2025-01-18 22:49:01,772 [FATAL] Updater:351 - Updater called before beeing initialized
2025-01-18 22:49:01,772 [WARN] DetailPanel:346 - Failed to get advertising image, set to default
2025-01-18 22:49:01,773 [FATAL] Updater:351 - Updater called before beeing initialized
2025-01-18 22:49:01,871 [ERROR] Updater:1198 - MainUpdater not yet initialized. External WinMGr cannot be set.
2025-01-18 22:49:01,884 [INFO] Updater:1134 - Updater Version found : 6.13.0
2025-01-18 22:49:01,908 [INFO] ApplicationProperties:184 - Using Application install path: C:\ST\STM32CubeIDE_1.17.0\STM32CubeIDE\plugins\com.st.stm32cube.common.mx_6.13.0.202411220809
2025-01-18 22:49:02,216 [INFO] ThirdPartyUpdaterWithRetryManager:70 - Updater plugin not ready yet. [3/15]
2025-01-18 22:49:03,509 [ERROR] LogOutputStream:75 - [STDERR_REDIRECT] Jan 18, 2025 10:49:03 PM java.util.prefs.WindowsPreferences <init>
2025-01-18 22:49:03,513 [ERROR] LogOutputStream:75 - [STDERR_REDIRECT] WARNING: Could not open/create prefs root node Software\JavaSoft\Prefs at root 0xffffffff80000002. Windows RegCreateKeyEx(...) returned error code 5.
2025-01-18 22:49:03,514 [ERROR] LogOutputStream:75 - [STDERR_REDIRECT] 
2025-01-18 22:49:04,373 [INFO] MainUpdater:2872 - connection check result : 10
2025-01-18 22:49:04,374 [INFO] MainUpdater:289 - Updater Check For Update Now.
2025-01-18 22:49:04,375 [INFO] MicroXplorer:498 - Change Database Version : DB.6.0.130
2025-01-18 22:49:04,403 [INFO] McuFinderGlobals:63 - Set McuFinder mode to 2 (CubeIDE integrated)
2025-01-18 22:49:04,417 [INFO] UserAuth:486 - Internet connection configuration mode: 1
2025-01-18 22:49:04,471 [INFO] JxBrowserEngine:152 - Initiate JxBrowser Engine with user profile folder
2025-01-18 22:49:04,813 [INFO] CheckServerUpdateThread:120 - End of CheckServer Thread
2025-01-18 22:49:06,183 [WARN] PackLoader:240 - Cannot read IP mode file for STMicroelectronics.FP-SNS-MOTENVWB1.1.4.0
2025-01-18 22:49:06,214 [WARN] PackLoader:240 - Cannot read IP mode file for STMicroelectronics.FP-ATR-ASTRA1.2.0.1
2025-01-18 22:49:06,248 [WARN] PackLoader:240 - Cannot read IP mode file for STMicroelectronics.X-CUBE-SMBUS.2.1.0
2025-01-18 22:49:06,296 [WARN] PackLoader:240 - Cannot read IP mode file for STMicroelectronics.X-CUBE-WB05N.1.1.0
2025-01-18 22:49:06,447 [WARN] PackLoader:240 - Cannot read IP mode file for STMicroelectronics.X-CUBE-AZRTOS-F7.1.1.0
2025-01-18 22:49:06,491 [WARN] PackLoader:240 - Cannot read IP mode file for STMicroelectronics.FP-SNS-FLIGHT1.5.0.2
2025-01-18 22:49:06,590 [WARN] PackLoader:240 - Cannot read IP mode file for Infineon.AIROC-Wi-Fi-Bluetooth-STM32.1.7.0
2025-01-18 22:49:06,642 [WARN] PackLoader:240 - Cannot read IP mode file for STMicroelectronics.X-CUBE-DISPLAY.3.0.0
2025-01-18 22:49:06,683 [WARN] PackLoader:240 - Cannot read IP mode file for STMicroelectronics.X-CUBE-BLE1.7.0.0
2025-01-18 22:49:06,712 [WARN] PackLoader:240 - Cannot read IP mode file for STMicroelectronics.X-CUBE-NFC10.1.0.0
2025-01-18 22:49:06,751 [WARN] PackLoader:240 - Cannot read IP mode file for STMicroelectronics.X-CUBE-BLEMGR.4.0.0
2025-01-18 22:49:06,785 [WARN] PackLoader:240 - Cannot read IP mode file for emotas.I-CUBE-CANOPEN.1.3.0
2025-01-18 22:49:06,811 [WARN] PackLoader:240 - Cannot read IP mode file for STMicroelectronics.FP-SNS-SMARTAG2.1.2.0
2025-01-18 22:49:06,973 [WARN] PackLoader:240 - Cannot read IP mode file for STMicroelectronics.X-CUBE-MEMS1.11.1.0
2025-01-18 22:49:08,044 [INFO] LogOutputStream:77 - [STDOUT_REDIRECT] 1 : Invalid condition id : UX_CORESTACK_Condition cause : null
2025-01-18 22:49:08,045 [INFO] LogOutputStream:77 - [STDOUT_REDIRECT] 1 : Invalid condition id : UX_CORESTACK_Condition cause : null
2025-01-18 22:49:08,047 [INFO] LogOutputStream:77 - [STDOUT_REDIRECT] 1 : Invalid condition id : UX_CORESTACK_Condition cause : null
2025-01-18 22:49:08,049 [INFO] LogOutputStream:77 - [STDOUT_REDIRECT] 1 : Invalid condition id : UX_CORESTACK_Condition cause : null
2025-01-18 22:49:08,054 [INFO] LogOutputStream:77 - [STDOUT_REDIRECT] 1 : Invalid condition id : UX_CORESTACK_Condition cause : null
2025-01-18 22:49:08,061 [WARN] PackLoader:240 - Cannot read IP mode file for STMicroelectronics.X-CUBE-AZRTOS-WL.2.0.0
2025-01-18 22:49:08,093 [WARN] PackLoader:240 - Cannot read IP mode file for STMicroelectronics.FP-SNS-MOTENV1.5.0.0
2025-01-18 22:49:08,117 [WARN] PackLoader:240 - Cannot read IP mode file for wolfSSL.I-CUBE-wolfMQTT.1.19.0
2025-01-18 22:49:08,154 [WARN] PackLoader:240 - Cannot read IP mode file for WES.I-CUBE-Cesium.1.3.0
2025-01-18 22:49:08,188 [WARN] PackLoader:240 - Cannot read IP mode file for STMicroelectronics.X-CUBE-BLE2.3.3.0
2025-01-18 22:49:08,219 [WARN] PackLoader:240 - Cannot read IP mode file for STMicroelectronics.X-CUBE-NFC9.1.0.0
2025-01-18 22:49:08,271 [WARN] PackLoader:240 - Cannot read IP mode file for STMicroelectronics.X-CUBE-AZRTOS-G0.1.1.0
2025-01-18 22:49:08,461 [WARN] PackLoader:240 - Cannot read IP mode file for STMicroelectronics.X-CUBE-SAFEA1.1.2.2
2025-01-18 22:49:08,494 [INFO] WebApp:168 - Instantiating new browser for Auth
2025-01-18 22:49:08,515 [WARN] PackLoader:240 - Cannot read IP mode file for STMicroelectronics.X-CUBE-NFC4.3.0.0
2025-01-18 22:49:08,547 [WARN] PackLoader:240 - Cannot read IP mode file for EmbeddedOffice.I-CUBE-FS-RTOS.1.0.1
2025-01-18 22:49:08,574 [WARN] PackLoader:240 - Cannot read IP mode file for STMicroelectronics.X-CUBE-TCPP.4.2.0
2025-01-18 22:49:08,602 [WARN] PackLoader:240 - Cannot read IP mode file for RealThread.X-CUBE-RT-Thread_Nano.4.1.1
2025-01-18 22:49:08,625 [WARN] PackLoader:240 - Cannot read IP mode file for STMicroelectronics.FP-ATR-SIGFOX1.3.2.0
2025-01-18 22:49:08,648 [WARN] ConditionMgr:438 - getConditionDescription Invalid condition id : Cortex-A Device cause : null
2025-01-18 22:49:08,683 [WARN] ConditionMgr:1044 - genDependencies : Invalid condition id : Cortex-A Device cause : null
2025-01-18 22:49:08,684 [WARN] ConditionMgr:1044 - genDependencies : Invalid condition id : Cortex-A Device cause : null
2025-01-18 22:49:08,684 [WARN] ConditionMgr:1044 - genDependencies : Invalid condition id : Cortex-A Device cause : null
2025-01-18 22:49:08,712 [WARN] PackLoader:240 - Cannot read IP mode file for STMicroelectronics.X-CUBE-EEPRMA1.5.1.0
2025-01-18 22:49:08,735 [WARN] PackLoader:240 - Cannot read IP mode file for wolfSSL.I-CUBE-wolfSSL.5.7.4
2025-01-18 22:49:08,765 [WARN] PackLoader:240 - Cannot read IP mode file for ITTIA_DB.I-CUBE-ITTIADB.8.9.0
2025-01-18 22:49:08,837 [WARN] PackLoader:240 - Cannot read IP mode file for SEGGER.I-CUBE-embOS.1.3.1
2025-01-18 22:49:08,925 [WARN] PackLoader:240 - Cannot read IP mode file for STMicroelectronics.X-CUBE-ALGOBUILD.1.4.0
2025-01-18 22:49:08,952 [WARN] PackLoader:240 - Cannot read IP mode file for STMicroelectronics.X-CUBE-AI.9.1.0
2025-01-18 22:49:09,015 [WARN] PackLoader:240 - Cannot read IP mode file for STMicroelectronics.X-CUBE-AZRTOS-F4.1.1.0
2025-01-18 22:49:09,045 [WARN] PackLoader:240 - Cannot read IP mode file for STMicroelectronics.X-CUBE-ISPU.2.1.0
2025-01-18 22:49:09,093 [WARN] PackLoader:240 - Cannot read IP mode file for STMicroelectronics.X-CUBE-AZRTOS-L5.2.0.0
2025-01-18 22:49:09,129 [WARN] PackLoader:240 - Cannot read IP mode file for STMicroelectronics.X-CUBE-NFC6.3.1.0
2025-01-18 22:49:09,184 [WARN] PackLoader:240 - Cannot read IP mode file for STMicroelectronics.X-CUBE-DPower.1.2.0
2025-01-18 22:49:09,209 [WARN] PackLoader:240 - Cannot read IP mode file for STMicroelectronics.X-CUBE-FREERTOS.1.3.0
2025-01-18 22:49:09,235 [WARN] PackLoader:240 - Cannot read IP mode file for STMicroelectronics.X-CUBE-NFC7.1.0.1
2025-01-18 22:49:09,419 [WARN] ConditionMgr:438 - getConditionDescription Invalid condition id : LAN8742 Phy interface Condition cause : null
2025-01-18 22:49:09,423 [WARN] PackLoader:240 - Cannot read IP mode file for STMicroelectronics.X-CUBE-AZRTOS-L4.2.0.0
2025-01-18 22:49:09,425 [WARN] ConditionMgr:1044 - genDependencies : Invalid condition id : LAN8742 Phy interface Condition cause : null
2025-01-18 22:49:09,426 [WARN] ConditionMgr:1044 - genDependencies : Invalid condition id : LAN8742 Phy interface Condition cause : null
2025-01-18 22:49:09,430 [WARN] ConditionMgr:1044 - genDependencies : Invalid condition id : LAN8742 Phy interface Condition cause : null
2025-01-18 22:49:09,463 [WARN] PackLoader:240 - Cannot read IP mode file for STMicroelectronics.X-CUBE-SFXS2LP1.4.0.0
2025-01-18 22:49:09,519 [WARN] PackLoader:240 - Cannot read IP mode file for STMicroelectronics.X-CUBE-AZRTOS-H7.3.3.0
2025-01-18 22:49:09,582 [WARN] ConditionMgr:438 - getConditionDescription Invalid condition id : UX DEVICE CLASS RTOS Condition cause : null
2025-01-18 22:49:09,583 [WARN] ConditionMgr:438 - getConditionDescription Invalid condition id : UX DEVICE CLASS RTOS Condition cause : null
2025-01-18 22:49:09,586 [WARN] PackLoader:240 - Cannot read IP mode file for STMicroelectronics.X-CUBE-AZRTOS-WB.2.0.0
2025-01-18 22:49:09,586 [WARN] ConditionMgr:1044 - genDependencies : Invalid condition id : UX DEVICE CLASS RTOS Condition cause : null
2025-01-18 22:49:09,587 [WARN] ConditionMgr:1044 - genDependencies : Invalid condition id : UX DEVICE CLASS RTOS Condition cause : null
2025-01-18 22:49:09,587 [WARN] ConditionMgr:1044 - genDependencies : Invalid condition id : UX DEVICE CLASS RTOS Condition cause : null
2025-01-18 22:49:09,588 [WARN] ConditionMgr:1044 - genDependencies : Invalid condition id : UX DEVICE CLASS RTOS Condition cause : null
2025-01-18 22:49:09,588 [WARN] ConditionMgr:1044 - genDependencies : Invalid condition id : UX DEVICE CLASS RTOS Condition cause : null
2025-01-18 22:49:09,616 [WARN] PackLoader:240 - Cannot read IP mode file for STMicroelectronics.X-CUBE-GNSS1.7.0.1
2025-01-18 22:49:09,718 [WARN] PackLoader:240 - Cannot read IP mode file for STMicroelectronics.FP-SNS-STBOX1.2.0.0
2025-01-18 22:49:09,762 [WARN] PackLoader:240 - Cannot read IP mode file for STMicroelectronics.X-CUBE-SUBG2.5.0.0
2025-01-18 22:49:09,792 [WARN] PackLoader:240 - Cannot read IP mode file for Cesanta.I-CUBE-Mongoose.7.13.0
2025-01-18 22:49:09,835 [WARN] PackLoader:240 - Cannot read IP mode file for STMicroelectronics.X-CUBE-AZRTOS-G4.2.0.0
2025-01-18 22:49:09,877 [WARN] PackLoader:240 - Cannot read IP mode file for STMicroelectronics.X-CUBE-IPS.3.1.0
2025-01-18 22:49:09,907 [WARN] PackLoader:240 - Cannot read IP mode file for STMicroelectronics.X-CUBE-ALS.1.0.2
2025-01-18 22:49:09,933 [WARN] PackLoader:240 - Cannot read IP mode file for STMicroelectronics.X-CUBE-TOUCHGFX.4.24.2
2025-01-18 22:49:09,969 [WARN] PackLoader:240 - Cannot read IP mode file for wolfSSL.I-CUBE-wolfTPM.3.4.0
2025-01-18 22:49:10,012 [WARN] PackLoader:240 - Cannot read IP mode file for portGmbH.I-Cube-SoM-uGOAL.1.1.0
2025-01-18 22:49:10,069 [WARN] PackLoader:240 - Cannot read IP mode file for STMicroelectronics.X-CUBE-AZRTOS-H7RS.1.0.0
2025-01-18 22:49:10,112 [WARN] PackLoader:240 - Cannot read IP mode file for STMicroelectronics.X-CUBE-TOF1.3.4.2
2025-01-18 22:49:10,153 [WARN] PackLoader:240 - Cannot read IP mode file for wolfSSL.I-CUBE-wolfSSH.1.4.17
2025-01-18 22:49:10,154 [INFO] ThirdParty:978 - Integrity check success = true
2025-01-18 22:49:10,154 [INFO] IntegrityCheckThread:100 - exiting critical section [integrity check]
2025-01-18 22:49:10,154 [INFO] IntegrityCheckThread:103 - End integrity checks thread
2025-01-18 22:49:12,016 [INFO] WebApp:449 - Apply proxy settings
2025-01-18 22:49:12,017 [INFO] WebApp:534 - Chromium requires no authentication
2025-01-18 22:49:12,032 [INFO] WebApp:477 - Direct internet connection detected
2025-01-18 22:49:12,079 [INFO] WebApp:880 - Register for checkConnection events
2025-01-18 22:49:12,079 [INFO] WebApp:449 - Apply proxy settings
2025-01-18 22:49:12,080 [INFO] WebApp:534 - Chromium requires no authentication
2025-01-18 22:49:12,080 [INFO] WebApp:477 - Direct internet connection detected
2025-01-18 22:49:12,416 [INFO] WebApp:221 - Starting web application
2025-01-18 22:49:12,417 [INFO] WebApp:579 - Web application path used C:\ST\STM32CubeIDE_1.17.0\STM32CubeIDE\plugins\com.st.stm32cube.common.mx_6.13.0.202411220809\db\plugins\mcufinder\reactClient1\index.html
2025-01-18 22:49:12,627 [INFO] WebApp:187 - Connection restablished
2025-01-18 22:49:12,782 [INFO] UserAuth:486 - Internet connection configuration mode: 1
2025-01-18 23:08:51,584 [INFO] WebApp:190 - Connection lost
2025-01-18 23:08:51,766 [INFO] WebApp:187 - Connection restablished
2025-01-18 23:19:52,591 [INFO] WebApp:190 - Connection lost
2025-01-18 23:19:52,770 [INFO] WebApp:187 - Connection restablished
