2025-01-21 01:07:49,831 [ERROR] LogOutputStream:75 - [STDERR_REDIRECT] 
2025-01-21 19:02:02,067 [INFO] Activator:176 - 


2025-01-21 19:02:02,070 [INFO] Activator:177 - !SESSION log4j initialized
2025-01-21 19:02:13,119 [INFO] LogOutputStream:77 - [STDOUT_REDIRECT] 
2025-01-21 19:02:20,204 [ERROR] ConfigurationRetriever:142 - IOException on connection: Connect timed out
2025-01-21 19:02:21,508 [INFO] ApplicationProperties:184 - Using Application install path: C:\ST\STM32CubeIDE_1.17.0\STM32CubeIDE\plugins\com.st.stm32cube.common.mx_6.13.0.202411220809
2025-01-21 19:02:21,535 [INFO] DbMcusXml:78 - Set database path to: C:\ST\STM32CubeIDE_1.17.0\STM32CubeIDE\plugins\com.st.stm32cube.common.mx_6.13.0.202411220809\\db\/mcu/
2025-01-21 19:02:21,535 [INFO] ApiDb:274 - Set plugin database path to: C:\ST\STM32CubeIDE_1.17.0\STM32CubeIDE\plugins\com.st.stm32cube.common.mx_6.13.0.202411220809\\db\/plugins/boardmanager/
2025-01-21 19:02:21,536 [WARN] ApiDb:259 - Overriding images path with different value:  => C:\ST\STM32CubeIDE_1.17.0\STM32CubeIDE\plugins\com.st.stm32cube.common.mx_6.13.0.202411220809\\db\/plugins/mcufinder/images/
2025-01-21 19:02:21,548 [INFO] ApiDb:250 - Set database path to: C:\Users\User\.stmcufinder\plugins\mcufinder//mcu/
2025-01-21 19:02:21,549 [INFO] DbMcusAds:125 - Set database path to: C:\Users\User\.stmcufinder\plugins\mcufinder//mcu/
2025-01-21 19:02:21,553 [INFO] CrossReferenceDbSqlite:203 - Set database path to: C:\Users\User\.stmcufinder\plugins\mcufinder//mcu/cs/
2025-01-21 19:02:21,719 [INFO] RulesReader:64 - Compatibility file has been processed (297 Rules)
2025-01-21 19:02:21,832 [INFO] DbMcusXml:78 - Set database path to: C:\ST\STM32CubeIDE_1.17.0\STM32CubeIDE\plugins\com.st.stm32cube.common.mx_6.13.0.202411220809\\db\/mcu/
2025-01-21 19:02:21,832 [INFO] ApiDb:274 - Set plugin database path to: C:\ST\STM32CubeIDE_1.17.0\STM32CubeIDE\plugins\com.st.stm32cube.common.mx_6.13.0.202411220809\\db\/plugins/boardmanager/
2025-01-21 19:02:21,832 [INFO] ApiDb:261 - Set plugin images path to: C:\ST\STM32CubeIDE_1.17.0\STM32CubeIDE\plugins\com.st.stm32cube.common.mx_6.13.0.202411220809\\db\/plugins/mcufinder/images/
2025-01-21 19:02:21,833 [WARN] DbFile:41 - Overriding database path with different value: C:\Users\User\.stmcufinder\plugins\mcufinder/ => C:\Users\User\.stmcufinder\plugins\mcufinder
2025-01-21 19:02:21,833 [INFO] ApiDb:250 - Set database path to: C:\Users\User\.stmcufinder\plugins\mcufinder//mcu/
2025-01-21 19:02:21,833 [WARN] DbFile:41 - Overriding database path with different value: C:\Users\User\.stmcufinder\plugins\mcufinder/ => C:\Users\User\.stmcufinder\plugins\mcufinder
2025-01-21 19:02:21,833 [INFO] DbMcusAds:125 - Set database path to: C:\Users\User\.stmcufinder\plugins\mcufinder//mcu/
2025-01-21 19:02:21,833 [WARN] DbFile:41 - Overriding database path with different value: C:\Users\User\.stmcufinder\plugins\mcufinder/ => C:\Users\User\.stmcufinder\plugins\mcufinder
2025-01-21 19:02:21,833 [WARN] DbFile:41 - Overriding database path with different value: C:\Users\User\.stmcufinder\plugins\mcufinder/ => C:\Users\User\.stmcufinder\plugins\mcufinder
2025-01-21 19:02:21,833 [INFO] CrossReferenceDbSqlite:203 - Set database path to: C:\Users\User\.stmcufinder\plugins\mcufinder//mcu/cs/
2025-01-21 19:02:21,934 [INFO] MainPanel:272 - HeapMemory: 268435456
2025-01-21 19:02:22,080 [INFO] DbMcusXml:78 - Set database path to: C:\ST\STM32CubeIDE_1.17.0\STM32CubeIDE\plugins\com.st.stm32cube.common.mx_6.13.0.202411220809\\db\/mcu/
2025-01-21 19:02:22,080 [INFO] ApiDb:274 - Set plugin database path to: C:\ST\STM32CubeIDE_1.17.0\STM32CubeIDE\plugins\com.st.stm32cube.common.mx_6.13.0.202411220809\\db\/plugins/boardmanager/
2025-01-21 19:02:22,080 [INFO] ApiDb:261 - Set plugin images path to: C:\ST\STM32CubeIDE_1.17.0\STM32CubeIDE\plugins\com.st.stm32cube.common.mx_6.13.0.202411220809\\db\/plugins/mcufinder/images/
2025-01-21 19:02:22,081 [WARN] DbFile:41 - Overriding database path with different value: C:\Users\User\.stmcufinder\plugins\mcufinder/ => C:\Users\User\.stmcufinder\plugins\mcufinder
2025-01-21 19:02:22,081 [INFO] ApiDb:250 - Set database path to: C:\Users\User\.stmcufinder\plugins\mcufinder//mcu/
2025-01-21 19:02:22,081 [WARN] DbFile:41 - Overriding database path with different value: C:\Users\User\.stmcufinder\plugins\mcufinder/ => C:\Users\User\.stmcufinder\plugins\mcufinder
2025-01-21 19:02:22,081 [INFO] DbMcusAds:125 - Set database path to: C:\Users\User\.stmcufinder\plugins\mcufinder//mcu/
2025-01-21 19:02:22,082 [WARN] DbFile:41 - Overriding database path with different value: C:\Users\User\.stmcufinder\plugins\mcufinder/ => C:\Users\User\.stmcufinder\plugins\mcufinder
2025-01-21 19:02:22,082 [WARN] DbFile:41 - Overriding database path with different value: C:\Users\User\.stmcufinder\plugins\mcufinder/ => C:\Users\User\.stmcufinder\plugins\mcufinder
2025-01-21 19:02:22,082 [INFO] CrossReferenceDbSqlite:203 - Set database path to: C:\Users\User\.stmcufinder\plugins\mcufinder//mcu/cs/
2025-01-21 19:02:22,110 [INFO] ApplicationProperties:184 - Using Application install path: C:\ST\STM32CubeIDE_1.17.0\STM32CubeIDE\plugins\com.st.stm32cube.common.mx_6.13.0.202411220809
2025-01-21 19:02:22,113 [INFO] PluginManage:196 - Search for loadable plugins [exclusion list=, ]
2025-01-21 19:02:22,115 [INFO] PluginManage:310 - Check plugin analytics
2025-01-21 19:02:26,977 [INFO] AnalyticsPlugin:253 - Accepted Software Licenses: 
2025-01-21 19:02:26,978 [INFO] AnalyticsPlugin:255 - Accepted CMSIS Pack Licenses: 
2025-01-21 19:02:26,979 [INFO] AnalyticsPlugin:257 - Accepted Firmware Licenses: FW.F4.1.28.0
2025-01-21 19:02:26,983 [INFO] PluginManage:359 - Loaded plugin analytics (category:tool,tabindex:-1)
2025-01-21 19:02:26,984 [INFO] PluginManage:310 - Check plugin cadmodel
2025-01-21 19:02:27,025 [INFO] CADModel:105 - Init CAD model plugin
2025-01-21 19:02:27,026 [INFO] PluginManage:359 - Loaded plugin cadmodel (category:power,tabindex:5)
2025-01-21 19:02:27,026 [INFO] PluginManage:310 - Check plugin clock
2025-01-21 19:02:27,054 [INFO] PluginManage:359 - Loaded plugin clock (category:base,tabindex:2)
2025-01-21 19:02:27,055 [INFO] PluginManage:310 - Check plugin ddr
2025-01-21 19:02:27,058 [INFO] PluginManage:359 - Loaded plugin ddr (category:tool,tabindex:6)
2025-01-21 19:02:27,059 [INFO] PluginManage:310 - Check plugin filemanager
2025-01-21 19:02:27,283 [INFO] PluginManage:359 - Loaded plugin filemanager (category:base,tabindex:10)
2025-01-21 19:02:27,283 [INFO] PluginManage:310 - Check plugin ipmanager
2025-01-21 19:02:27,295 [INFO] PluginManage:359 - Loaded plugin ipmanager (category:base,tabindex:5)
2025-01-21 19:02:27,295 [INFO] PluginManage:310 - Check plugin lpbam
2025-01-21 19:02:27,323 [INFO] PluginManage:359 - Loaded plugin lpbam (category:base,tabindex:0)
2025-01-21 19:02:27,323 [INFO] PluginManage:310 - Check plugin memorymap
2025-01-21 19:02:27,361 [INFO] PluginManage:359 - Loaded plugin memorymap (category:base,tabindex:4)
2025-01-21 19:02:27,361 [INFO] PluginManage:310 - Check plugin pinoutandconfiguration
2025-01-21 19:02:27,394 [INFO] PluginManage:359 - Loaded plugin pinoutandconfiguration (category:base,tabindex:1)
2025-01-21 19:02:27,394 [INFO] PluginManage:310 - Check plugin pinoutconfig
2025-01-21 19:02:27,571 [WARN] SupportedApi:132 - Cannot load RTOS API schema: s4s-elt-must-match.1: The content of 'definitions' must match (annotation?, (simpleType | complexType)?, (unique | key | keyref)*)). A problem was found starting at: attribute.
2025-01-21 19:02:27,830 [INFO] PluginManage:359 - Loaded plugin pinoutconfig (category:base,tabindex:0)
2025-01-21 19:02:27,830 [INFO] PluginManage:310 - Check plugin power
2025-01-21 19:02:27,871 [INFO] PluginManage:359 - Loaded plugin power (category:power,tabindex:4)
2025-01-21 19:02:27,871 [INFO] PluginManage:310 - Check plugin projectmanager
2025-01-21 19:02:27,919 [INFO] PluginManage:359 - Loaded plugin projectmanager (category:projectmanager,tabindex:4)
2025-01-21 19:02:27,919 [INFO] PluginManage:310 - Check plugin rif
2025-01-21 19:02:27,957 [INFO] PluginManage:359 - Loaded plugin rif (category:base,tabindex:3)
2025-01-21 19:02:27,958 [INFO] PluginManage:310 - Check plugin thirdparty
2025-01-21 19:02:28,514 [WARN] IntegrityCheckThread:84 - waiting for thirdparty lock release [integrity check]
2025-01-21 19:02:28,514 [INFO] PluginManage:359 - Loaded plugin thirdparty (category:base,tabindex:-1)
2025-01-21 19:02:28,514 [INFO] IntegrityCheckThread:86 - entering critical section [integrity check]
2025-01-21 19:02:28,515 [INFO] PluginManage:310 - Check plugin tools
2025-01-21 19:02:28,515 [INFO] ThirdPartyUpdaterWithRetryManager:70 - Updater plugin not ready yet. [1/15]
2025-01-21 19:02:28,567 [INFO] PluginManage:359 - Loaded plugin tools (category:base,tabindex:7)
2025-01-21 19:02:28,567 [INFO] PluginManage:310 - Check plugin tutovideos
2025-01-21 19:02:28,842 [INFO] PluginManage:359 - Loaded plugin tutovideos (category:base,tabindex:-1)
2025-01-21 19:02:28,842 [INFO] PluginManage:310 - Check plugin updater
2025-01-21 19:02:28,868 [INFO] PluginManage:359 - Loaded plugin updater (category:base,tabindex:12)
2025-01-21 19:02:28,868 [INFO] PluginManage:310 - Check plugin userauth
2025-01-21 19:02:28,874 [INFO] UserAuth:118 - Init User Auth plugin
2025-01-21 19:02:28,876 [INFO] PluginManage:359 - Loaded plugin userauth (category:base,tabindex:14)
2025-01-21 19:02:28,877 [INFO] PluginManage:283 - PluginManage : Loaded plugins [18]
2025-01-21 19:02:29,160 [INFO] PinOutPanel:1589 - setPackage(No Configuration,No Configuration)
2025-01-21 19:02:29,275 [INFO] CADModel:165 - CPN selected for project level
2025-01-21 19:02:29,276 [INFO] CADModel:114 - Register for checkConnection events
2025-01-21 19:02:29,315 [INFO] IPUIPlugin:80 - create IPUIPlugin
2025-01-21 19:02:29,316 [INFO] PluginManager:220 - loadIPPluginJar : add adc
2025-01-21 19:02:29,381 [INFO] IPUIPlugin:80 - create IPUIPlugin
2025-01-21 19:02:29,381 [INFO] PluginManager:220 - loadIPPluginJar : add aes
2025-01-21 19:02:29,448 [INFO] IPUIPlugin:80 - create IPUIPlugin
2025-01-21 19:02:29,448 [INFO] PluginManager:220 - loadIPPluginJar : add can
2025-01-21 19:02:29,488 [INFO] IPUIPlugin:80 - create IPUIPlugin
2025-01-21 19:02:29,488 [INFO] PluginManager:220 - loadIPPluginJar : add comp
2025-01-21 19:02:29,539 [INFO] IPUIPlugin:80 - create IPUIPlugin
2025-01-21 19:02:29,540 [INFO] PluginManager:220 - loadIPPluginJar : add cryp
2025-01-21 19:02:29,557 [INFO] IPUIPlugin:80 - create IPUIPlugin
2025-01-21 19:02:29,557 [INFO] PluginManager:220 - loadIPPluginJar : add ddr_ctrl_phy
2025-01-21 19:02:29,602 [INFO] IPUIPlugin:80 - create IPUIPlugin
2025-01-21 19:02:29,602 [INFO] PluginManager:220 - loadIPPluginJar : add dfsdm
2025-01-21 19:02:29,621 [INFO] IPUIPlugin:80 - create IPUIPlugin
2025-01-21 19:02:29,622 [INFO] PluginManager:220 - loadIPPluginJar : add dma
2025-01-21 19:02:29,681 [INFO] IPUIPlugin:80 - create IPUIPlugin
2025-01-21 19:02:29,681 [INFO] PluginManager:220 - loadIPPluginJar : add dma3
2025-01-21 19:02:29,746 [INFO] IPUIPlugin:80 - create IPUIPlugin
2025-01-21 19:02:29,746 [INFO] PluginManager:220 - loadIPPluginJar : add extmemmanager
2025-01-21 19:02:29,781 [INFO] IPUIPlugin:80 - create IPUIPlugin
2025-01-21 19:02:29,781 [INFO] PluginManager:220 - loadIPPluginJar : add fatfs
2025-01-21 19:02:29,849 [INFO] IPUIPlugin:80 - create IPUIPlugin
2025-01-21 19:02:29,849 [INFO] PluginManager:220 - loadIPPluginJar : add fmc
2025-01-21 19:02:29,873 [INFO] IPUIPlugin:80 - create IPUIPlugin
2025-01-21 19:02:29,874 [INFO] PluginManager:220 - loadIPPluginJar : add freertos
2025-01-21 19:02:29,904 [INFO] IPUIPlugin:80 - create IPUIPlugin
2025-01-21 19:02:29,904 [INFO] PluginManager:220 - loadIPPluginJar : add genericplugin
2025-01-21 19:02:30,045 [INFO] IPUIPlugin:80 - create IPUIPlugin
2025-01-21 19:02:30,045 [INFO] PluginManager:220 - loadIPPluginJar : add gfxmmu
2025-01-21 19:02:30,242 [INFO] IPUIPlugin:80 - create IPUIPlugin
2025-01-21 19:02:30,243 [INFO] PluginManager:220 - loadIPPluginJar : add gic
2025-01-21 19:02:30,265 [INFO] IPUIPlugin:80 - create IPUIPlugin
2025-01-21 19:02:30,266 [INFO] PluginManager:220 - loadIPPluginJar : add gpio
2025-01-21 19:02:30,406 [INFO] IPUIPlugin:80 - create IPUIPlugin
2025-01-21 19:02:30,406 [INFO] PluginManager:220 - loadIPPluginJar : add gtzc
2025-01-21 19:02:30,455 [INFO] IPUIPlugin:80 - create IPUIPlugin
2025-01-21 19:02:30,455 [INFO] PluginManager:220 - loadIPPluginJar : add hash
2025-01-21 19:02:30,533 [INFO] IPUIPlugin:80 - create IPUIPlugin
2025-01-21 19:02:30,533 [INFO] PluginManager:220 - loadIPPluginJar : add i2c
2025-01-21 19:02:30,592 [INFO] IPUIPlugin:80 - create IPUIPlugin
2025-01-21 19:02:30,592 [INFO] PluginManager:220 - loadIPPluginJar : add i2s
2025-01-21 19:02:30,656 [INFO] IPUIPlugin:80 - create IPUIPlugin
2025-01-21 19:02:30,656 [INFO] PluginManager:220 - loadIPPluginJar : add i3c
2025-01-21 19:02:30,905 [INFO] IPUIPlugin:80 - create IPUIPlugin
2025-01-21 19:02:30,905 [INFO] PluginManager:220 - loadIPPluginJar : add ipddr
2025-01-21 19:02:31,119 [INFO] IPUIPlugin:80 - create IPUIPlugin
2025-01-21 19:02:31,120 [INFO] PluginManager:220 - loadIPPluginJar : add linkedlist
2025-01-21 19:02:31,221 [INFO] IPUIPlugin:80 - create IPUIPlugin
2025-01-21 19:02:31,221 [INFO] PluginManager:220 - loadIPPluginJar : add lorawan
2025-01-21 19:02:31,326 [INFO] IPUIPlugin:80 - create IPUIPlugin
2025-01-21 19:02:31,326 [INFO] PluginManager:220 - loadIPPluginJar : add ltdc
2025-01-21 19:02:31,353 [INFO] IPUIPlugin:80 - create IPUIPlugin
2025-01-21 19:02:31,353 [INFO] PluginManager:220 - loadIPPluginJar : add mdma
2025-01-21 19:02:31,373 [INFO] IPUIPlugin:80 - create IPUIPlugin
2025-01-21 19:02:31,374 [INFO] PluginManager:220 - loadIPPluginJar : add nvic
2025-01-21 19:02:31,428 [INFO] IPUIPlugin:80 - create IPUIPlugin
2025-01-21 19:02:31,428 [INFO] PluginManager:220 - loadIPPluginJar : add opamp
2025-01-21 19:02:31,515 [INFO] ThirdPartyUpdaterWithRetryManager:70 - Updater plugin not ready yet. [2/15]
2025-01-21 19:02:31,526 [INFO] IPUIPlugin:80 - create IPUIPlugin
2025-01-21 19:02:31,526 [INFO] PluginManager:220 - loadIPPluginJar : add openamp
2025-01-21 19:02:31,625 [INFO] IPUIPlugin:80 - create IPUIPlugin
2025-01-21 19:02:31,625 [INFO] PluginManager:220 - loadIPPluginJar : add pdm2pcm
2025-01-21 19:02:31,659 [INFO] IPUIPlugin:80 - create IPUIPlugin
2025-01-21 19:02:31,662 [INFO] PluginManager:220 - loadIPPluginJar : add plateformsettings
2025-01-21 19:02:31,723 [INFO] IPUIPlugin:80 - create IPUIPlugin
2025-01-21 19:02:31,724 [INFO] PluginManager:220 - loadIPPluginJar : add quadspi
2025-01-21 19:02:31,786 [INFO] IPUIPlugin:80 - create IPUIPlugin
2025-01-21 19:02:31,787 [INFO] PluginManager:220 - loadIPPluginJar : add radio
2025-01-21 19:02:31,807 [INFO] IPUIPlugin:80 - create IPUIPlugin
2025-01-21 19:02:31,807 [INFO] PluginManager:220 - loadIPPluginJar : add resmgrutility
2025-01-21 19:02:31,875 [INFO] IPUIPlugin:80 - create IPUIPlugin
2025-01-21 19:02:31,875 [INFO] PluginManager:220 - loadIPPluginJar : add sai
2025-01-21 19:02:31,929 [INFO] IPUIPlugin:80 - create IPUIPlugin
2025-01-21 19:02:31,929 [INFO] PluginManager:220 - loadIPPluginJar : add spi
2025-01-21 19:02:32,029 [INFO] IPUIPlugin:80 - create IPUIPlugin
2025-01-21 19:02:32,029 [INFO] PluginManager:220 - loadIPPluginJar : add stm32_wpan
2025-01-21 19:02:32,069 [INFO] IPUIPlugin:80 - create IPUIPlugin
2025-01-21 19:02:32,069 [INFO] PluginManager:220 - loadIPPluginJar : add tim
2025-01-21 19:02:32,160 [INFO] IPUIPlugin:80 - create IPUIPlugin
2025-01-21 19:02:32,160 [INFO] PluginManager:220 - loadIPPluginJar : add touchsensing
2025-01-21 19:02:32,194 [INFO] IPUIPlugin:80 - create IPUIPlugin
2025-01-21 19:02:32,194 [INFO] PluginManager:220 - loadIPPluginJar : add tracer_emb
2025-01-21 19:02:32,229 [INFO] IPUIPlugin:80 - create IPUIPlugin
2025-01-21 19:02:32,229 [INFO] PluginManager:220 - loadIPPluginJar : add ts
2025-01-21 19:02:32,262 [INFO] IPUIPlugin:80 - create IPUIPlugin
2025-01-21 19:02:32,262 [INFO] PluginManager:220 - loadIPPluginJar : add tsc
2025-01-21 19:02:32,294 [INFO] IPUIPlugin:80 - create IPUIPlugin
2025-01-21 19:02:32,295 [INFO] PluginManager:220 - loadIPPluginJar : add ucpd
2025-01-21 19:02:32,358 [INFO] IPUIPlugin:80 - create IPUIPlugin
2025-01-21 19:02:32,358 [INFO] PluginManager:220 - loadIPPluginJar : add usart
2025-01-21 19:02:32,422 [INFO] IPUIPlugin:80 - create IPUIPlugin
2025-01-21 19:02:32,422 [INFO] PluginManager:220 - loadIPPluginJar : add usbx
2025-01-21 19:02:32,589 [FATAL] Updater:351 - Updater called before beeing initialized
2025-01-21 19:02:32,639 [INFO] RulesReader:64 - Compatibility file has been processed (297 Rules)
2025-01-21 19:02:32,650 [INFO] RulesReader:64 - Compatibility file has been processed (297 Rules)
2025-01-21 19:02:32,660 [INFO] CADModel:165 - CPN selected for project level
2025-01-21 19:02:32,660 [INFO] CADModel:114 - Register for checkConnection events
2025-01-21 19:02:32,660 [FATAL] Updater:351 - Updater called before beeing initialized
2025-01-21 19:02:32,661 [ERROR] CADModel:125 - Updater not yet initialized, retry later 
2025-01-21 19:02:32,895 [FATAL] Updater:351 - Updater called before beeing initialized
2025-01-21 19:02:32,898 [INFO] CADModel:165 - CPN selected for project level
2025-01-21 19:02:32,898 [INFO] CADModel:114 - Register for checkConnection events
2025-01-21 19:02:32,898 [FATAL] Updater:351 - Updater called before beeing initialized
2025-01-21 19:02:32,899 [ERROR] CADModel:125 - Updater not yet initialized, retry later 
2025-01-21 19:02:32,904 [FATAL] Updater:351 - Updater called before beeing initialized
2025-01-21 19:02:33,322 [FATAL] Updater:351 - Updater called before beeing initialized
2025-01-21 19:02:33,363 [INFO] DbMcusAds:53 - JSON generation date=Tue Dec 17 17:01:15 CET 2024 (1734451275143)
2025-01-21 19:02:33,363 [FATAL] Updater:351 - Updater called before beeing initialized
2025-01-21 19:02:33,474 [WARN] DetailPanel:346 - Failed to get advertising image, set to default
2025-01-21 19:02:33,882 [FATAL] Updater:351 - Updater called before beeing initialized
2025-01-21 19:02:33,899 [FATAL] Updater:351 - Updater called before beeing initialized
2025-01-21 19:02:33,899 [FATAL] Updater:351 - Updater called before beeing initialized
2025-01-21 19:02:33,899 [WARN] DetailPanel:346 - Failed to get advertising image, set to default
2025-01-21 19:02:33,900 [FATAL] Updater:351 - Updater called before beeing initialized
2025-01-21 19:02:33,999 [ERROR] Updater:1198 - MainUpdater not yet initialized. External WinMGr cannot be set.
2025-01-21 19:02:34,013 [INFO] Updater:1134 - Updater Version found : 6.13.0
2025-01-21 19:02:34,035 [INFO] ApplicationProperties:184 - Using Application install path: C:\ST\STM32CubeIDE_1.17.0\STM32CubeIDE\plugins\com.st.stm32cube.common.mx_6.13.0.202411220809
2025-01-21 19:02:34,517 [INFO] ThirdPartyUpdaterWithRetryManager:70 - Updater plugin not ready yet. [3/15]
2025-01-21 19:02:35,624 [ERROR] LogOutputStream:75 - [STDERR_REDIRECT] Jan 21, 2025 7:02:35 PM java.util.prefs.WindowsPreferences <init>
2025-01-21 19:02:35,625 [ERROR] LogOutputStream:75 - [STDERR_REDIRECT] WARNING: Could not open/create prefs root node Software\JavaSoft\Prefs at root 0xffffffff80000002. Windows RegCreateKeyEx(...) returned error code 5.
2025-01-21 19:02:35,626 [ERROR] LogOutputStream:75 - [STDERR_REDIRECT] 
2025-01-21 19:02:36,966 [INFO] MainUpdater:2872 - connection check result : 10
2025-01-21 19:02:36,966 [INFO] MainUpdater:3566 - Updater definition file requires update
2025-01-21 19:02:36,969 [INFO] MainUpdater:289 - Updater Check For Update Now.
2025-01-21 19:02:36,969 [INFO] MicroXplorer:498 - Change Database Version : DB.6.0.130
2025-01-21 19:02:36,996 [INFO] McuFinderGlobals:63 - Set McuFinder mode to 2 (CubeIDE integrated)
2025-01-21 19:02:37,005 [INFO] UserAuth:486 - Internet connection configuration mode: 1
2025-01-21 19:02:37,042 [INFO] JxBrowserEngine:152 - Initiate JxBrowser Engine with user profile folder
2025-01-21 19:02:37,209 [INFO] ServerAccessManage:473 - Download File updaters.zip
2025-01-21 19:02:37,518 [WARN] MainUpdater:1193 - Updater busy. Cannot search thirdparties
2025-01-21 19:02:37,518 [INFO] ThirdPartyUpdaterWithRetryManager:96 - Updater plugin is busy. [1/15]
2025-01-21 19:02:37,919 [INFO] FileExtend:240 - Unzip File : updaters.zip
2025-01-21 19:02:37,919 [INFO] FileExtend:255 - Standard Zip Deflate
2025-01-21 19:02:40,029 [INFO] WebApp:168 - Instantiating new browser for Auth
2025-01-21 19:02:40,125 [INFO] ServerAccessManage:473 - Download File PacksControlFlags.xml
2025-01-21 19:02:40,562 [WARN] MainUpdater:1193 - Updater busy. Cannot search thirdparties
2025-01-21 19:02:40,562 [INFO] ThirdPartyUpdaterWithRetryManager:96 - Updater plugin is busy. [2/15]
2025-01-21 19:02:40,729 [INFO] ServerAccessManage:473 - Download File cubemx.pidx
2025-01-21 19:02:41,111 [INFO] LoadServerUpdatesThread:375 - End of LoadServerUpdate Thread
2025-01-21 19:02:42,028 [INFO] CheckServerUpdateThread:120 - End of CheckServer Thread
2025-01-21 19:02:43,392 [INFO] WebApp:449 - Apply proxy settings
2025-01-21 19:02:43,392 [INFO] WebApp:534 - Chromium requires no authentication
2025-01-21 19:02:43,428 [INFO] WebApp:477 - Direct internet connection detected
2025-01-21 19:02:43,542 [INFO] WebApp:880 - Register for checkConnection events
2025-01-21 19:02:43,542 [INFO] WebApp:449 - Apply proxy settings
2025-01-21 19:02:43,542 [INFO] WebApp:534 - Chromium requires no authentication
2025-01-21 19:02:43,544 [INFO] WebApp:477 - Direct internet connection detected
2025-01-21 19:02:44,403 [INFO] WebApp:187 - Connection restablished
2025-01-21 19:02:44,599 [INFO] WebApp:221 - Starting web application
2025-01-21 19:02:44,599 [INFO] WebApp:579 - Web application path used C:\ST\STM32CubeIDE_1.17.0\STM32CubeIDE\plugins\com.st.stm32cube.common.mx_6.13.0.202411220809\db\plugins\mcufinder\reactClient1\index.html
2025-01-21 19:02:45,495 [WARN] PackLoader:240 - Cannot read IP mode file for STMicroelectronics.FP-SNS-MOTENVWB1.1.4.0
2025-01-21 19:02:45,527 [WARN] PackLoader:240 - Cannot read IP mode file for STMicroelectronics.FP-ATR-ASTRA1.2.0.1
2025-01-21 19:02:45,590 [WARN] PackLoader:240 - Cannot read IP mode file for STMicroelectronics.X-CUBE-SMBUS.2.1.0
2025-01-21 19:02:45,711 [WARN] PackLoader:240 - Cannot read IP mode file for STMicroelectronics.X-CUBE-WB05N.1.1.0
2025-01-21 19:02:45,970 [WARN] PackLoader:240 - Cannot read IP mode file for STMicroelectronics.X-CUBE-AZRTOS-F7.1.1.0
2025-01-21 19:02:46,052 [WARN] PackLoader:240 - Cannot read IP mode file for STMicroelectronics.FP-SNS-FLIGHT1.5.0.2
2025-01-21 19:02:46,208 [WARN] PackLoader:240 - Cannot read IP mode file for Infineon.AIROC-Wi-Fi-Bluetooth-STM32.1.7.0
2025-01-21 19:02:46,277 [WARN] PackLoader:240 - Cannot read IP mode file for STMicroelectronics.X-CUBE-DISPLAY.3.0.0
2025-01-21 19:02:46,460 [WARN] PackLoader:240 - Cannot read IP mode file for STMicroelectronics.X-CUBE-BLE1.7.0.0
2025-01-21 19:02:46,563 [WARN] PackLoader:240 - Cannot read IP mode file for STMicroelectronics.X-CUBE-NFC10.1.0.0
2025-01-21 19:02:46,663 [WARN] PackLoader:240 - Cannot read IP mode file for STMicroelectronics.X-CUBE-BLEMGR.4.0.0
2025-01-21 19:02:46,742 [WARN] PackLoader:240 - Cannot read IP mode file for emotas.I-CUBE-CANOPEN.1.3.0
2025-01-21 19:02:46,779 [WARN] PackLoader:240 - Cannot read IP mode file for STMicroelectronics.FP-SNS-SMARTAG2.1.2.0
2025-01-21 19:02:46,952 [WARN] PackLoader:240 - Cannot read IP mode file for STMicroelectronics.X-CUBE-MEMS1.11.1.0
2025-01-21 19:02:47,545 [INFO] LogOutputStream:77 - [STDOUT_REDIRECT] 1 : Invalid condition id : UX_CORESTACK_Condition cause : null
2025-01-21 19:02:47,546 [INFO] LogOutputStream:77 - [STDOUT_REDIRECT] 1 : Invalid condition id : UX_CORESTACK_Condition cause : null
2025-01-21 19:02:47,550 [INFO] LogOutputStream:77 - [STDOUT_REDIRECT] 1 : Invalid condition id : UX_CORESTACK_Condition cause : null
2025-01-21 19:02:47,576 [INFO] LogOutputStream:77 - [STDOUT_REDIRECT] 1 : Invalid condition id : UX_CORESTACK_Condition cause : null
2025-01-21 19:02:47,577 [INFO] LogOutputStream:77 - [STDOUT_REDIRECT] 1 : Invalid condition id : UX_CORESTACK_Condition cause : null
2025-01-21 19:02:47,581 [WARN] PackLoader:240 - Cannot read IP mode file for STMicroelectronics.X-CUBE-AZRTOS-WL.2.0.0
2025-01-21 19:02:47,610 [WARN] PackLoader:240 - Cannot read IP mode file for STMicroelectronics.FP-SNS-MOTENV1.5.0.0
2025-01-21 19:02:47,638 [WARN] PackLoader:240 - Cannot read IP mode file for wolfSSL.I-CUBE-wolfMQTT.1.19.0
2025-01-21 19:02:47,712 [INFO] UserAuth:486 - Internet connection configuration mode: 1
2025-01-21 19:02:47,826 [WARN] PackLoader:240 - Cannot read IP mode file for WES.I-CUBE-Cesium.1.3.0
2025-01-21 19:02:47,887 [WARN] PackLoader:240 - Cannot read IP mode file for STMicroelectronics.X-CUBE-BLE2.3.3.0
2025-01-21 19:02:47,932 [WARN] PackLoader:240 - Cannot read IP mode file for STMicroelectronics.X-CUBE-NFC9.1.0.0
2025-01-21 19:02:48,015 [WARN] PackLoader:240 - Cannot read IP mode file for STMicroelectronics.X-CUBE-AZRTOS-G0.1.1.0
2025-01-21 19:02:48,058 [WARN] PackLoader:240 - Cannot read IP mode file for STMicroelectronics.X-CUBE-SAFEA1.1.2.2
2025-01-21 19:02:48,112 [WARN] PackLoader:240 - Cannot read IP mode file for STMicroelectronics.X-CUBE-NFC4.3.0.0
2025-01-21 19:02:48,225 [WARN] PackLoader:240 - Cannot read IP mode file for EmbeddedOffice.I-CUBE-FS-RTOS.1.0.1
2025-01-21 19:02:48,296 [WARN] PackLoader:240 - Cannot read IP mode file for STMicroelectronics.X-CUBE-TCPP.4.2.0
2025-01-21 19:02:48,341 [WARN] PackLoader:240 - Cannot read IP mode file for RealThread.X-CUBE-RT-Thread_Nano.4.1.1
2025-01-21 19:02:48,392 [WARN] PackLoader:240 - Cannot read IP mode file for STMicroelectronics.FP-ATR-SIGFOX1.3.2.0
2025-01-21 19:02:48,437 [WARN] ConditionMgr:438 - getConditionDescription Invalid condition id : Cortex-A Device cause : null
2025-01-21 19:02:48,476 [WARN] ConditionMgr:1044 - genDependencies : Invalid condition id : Cortex-A Device cause : null
2025-01-21 19:02:48,476 [WARN] ConditionMgr:1044 - genDependencies : Invalid condition id : Cortex-A Device cause : null
2025-01-21 19:02:48,476 [WARN] ConditionMgr:1044 - genDependencies : Invalid condition id : Cortex-A Device cause : null
2025-01-21 19:02:48,520 [WARN] PackLoader:240 - Cannot read IP mode file for STMicroelectronics.X-CUBE-EEPRMA1.5.1.0
2025-01-21 19:02:48,573 [WARN] PackLoader:240 - Cannot read IP mode file for wolfSSL.I-CUBE-wolfSSL.5.7.4
2025-01-21 19:02:48,625 [WARN] PackLoader:240 - Cannot read IP mode file for ITTIA_DB.I-CUBE-ITTIADB.8.9.0
2025-01-21 19:02:48,779 [WARN] PackLoader:240 - Cannot read IP mode file for SEGGER.I-CUBE-embOS.1.3.1
2025-01-21 19:02:48,970 [WARN] PackLoader:240 - Cannot read IP mode file for STMicroelectronics.X-CUBE-ALGOBUILD.1.4.0
2025-01-21 19:02:49,127 [WARN] PackLoader:240 - Cannot read IP mode file for STMicroelectronics.X-CUBE-AI.9.1.0
2025-01-21 19:02:49,180 [WARN] PackLoader:240 - Cannot read IP mode file for STMicroelectronics.X-CUBE-AZRTOS-F4.1.1.0
2025-01-21 19:02:49,212 [WARN] PackLoader:240 - Cannot read IP mode file for STMicroelectronics.X-CUBE-ISPU.2.1.0
2025-01-21 19:02:49,271 [WARN] PackLoader:240 - Cannot read IP mode file for STMicroelectronics.X-CUBE-AZRTOS-L5.2.0.0
2025-01-21 19:02:49,311 [WARN] PackLoader:240 - Cannot read IP mode file for STMicroelectronics.X-CUBE-NFC6.3.1.0
2025-01-21 19:02:49,346 [WARN] PackLoader:240 - Cannot read IP mode file for STMicroelectronics.X-CUBE-DPower.1.2.0
2025-01-21 19:02:49,372 [WARN] PackLoader:240 - Cannot read IP mode file for STMicroelectronics.X-CUBE-FREERTOS.1.3.0
2025-01-21 19:02:49,400 [WARN] PackLoader:240 - Cannot read IP mode file for STMicroelectronics.X-CUBE-NFC7.1.0.1
2025-01-21 19:02:49,492 [WARN] ConditionMgr:438 - getConditionDescription Invalid condition id : LAN8742 Phy interface Condition cause : null
2025-01-21 19:02:49,492 [WARN] PackLoader:240 - Cannot read IP mode file for STMicroelectronics.X-CUBE-AZRTOS-L4.2.0.0
2025-01-21 19:02:49,495 [WARN] ConditionMgr:1044 - genDependencies : Invalid condition id : LAN8742 Phy interface Condition cause : null
2025-01-21 19:02:49,496 [WARN] ConditionMgr:1044 - genDependencies : Invalid condition id : LAN8742 Phy interface Condition cause : null
2025-01-21 19:02:49,497 [WARN] ConditionMgr:1044 - genDependencies : Invalid condition id : LAN8742 Phy interface Condition cause : null
2025-01-21 19:02:49,544 [WARN] PackLoader:240 - Cannot read IP mode file for STMicroelectronics.X-CUBE-SFXS2LP1.4.0.0
2025-01-21 19:02:49,614 [WARN] PackLoader:240 - Cannot read IP mode file for STMicroelectronics.X-CUBE-AZRTOS-H7.3.3.0
2025-01-21 19:02:49,673 [WARN] ConditionMgr:438 - getConditionDescription Invalid condition id : UX DEVICE CLASS RTOS Condition cause : null
2025-01-21 19:02:49,674 [WARN] ConditionMgr:438 - getConditionDescription Invalid condition id : UX DEVICE CLASS RTOS Condition cause : null
2025-01-21 19:02:49,676 [WARN] PackLoader:240 - Cannot read IP mode file for STMicroelectronics.X-CUBE-AZRTOS-WB.2.0.0
2025-01-21 19:02:49,677 [WARN] ConditionMgr:1044 - genDependencies : Invalid condition id : UX DEVICE CLASS RTOS Condition cause : null
2025-01-21 19:02:49,677 [WARN] ConditionMgr:1044 - genDependencies : Invalid condition id : UX DEVICE CLASS RTOS Condition cause : null
2025-01-21 19:02:49,678 [WARN] ConditionMgr:1044 - genDependencies : Invalid condition id : UX DEVICE CLASS RTOS Condition cause : null
2025-01-21 19:02:49,678 [WARN] ConditionMgr:1044 - genDependencies : Invalid condition id : UX DEVICE CLASS RTOS Condition cause : null
2025-01-21 19:02:49,678 [WARN] ConditionMgr:1044 - genDependencies : Invalid condition id : UX DEVICE CLASS RTOS Condition cause : null
2025-01-21 19:02:49,708 [WARN] PackLoader:240 - Cannot read IP mode file for STMicroelectronics.X-CUBE-GNSS1.7.0.1
2025-01-21 19:02:49,751 [WARN] PackLoader:240 - Cannot read IP mode file for STMicroelectronics.FP-SNS-STBOX1.2.0.0
2025-01-21 19:02:49,793 [WARN] PackLoader:240 - Cannot read IP mode file for STMicroelectronics.X-CUBE-SUBG2.5.0.0
2025-01-21 19:02:49,823 [WARN] PackLoader:240 - Cannot read IP mode file for Cesanta.I-CUBE-Mongoose.7.13.0
2025-01-21 19:02:49,872 [WARN] PackLoader:240 - Cannot read IP mode file for STMicroelectronics.X-CUBE-AZRTOS-G4.2.0.0
2025-01-21 19:02:49,919 [WARN] PackLoader:240 - Cannot read IP mode file for STMicroelectronics.X-CUBE-IPS.3.1.0
2025-01-21 19:02:49,953 [WARN] PackLoader:240 - Cannot read IP mode file for STMicroelectronics.X-CUBE-ALS.1.0.2
2025-01-21 19:02:49,979 [WARN] PackLoader:240 - Cannot read IP mode file for STMicroelectronics.X-CUBE-TOUCHGFX.4.24.2
2025-01-21 19:02:50,005 [WARN] PackLoader:240 - Cannot read IP mode file for wolfSSL.I-CUBE-wolfTPM.3.4.0
2025-01-21 19:02:50,030 [WARN] PackLoader:240 - Cannot read IP mode file for portGmbH.I-Cube-SoM-uGOAL.1.1.0
2025-01-21 19:02:50,111 [WARN] PackLoader:240 - Cannot read IP mode file for STMicroelectronics.X-CUBE-AZRTOS-H7RS.1.0.0
2025-01-21 19:02:50,264 [WARN] PackLoader:240 - Cannot read IP mode file for STMicroelectronics.X-CUBE-TOF1.3.4.2
2025-01-21 19:02:50,304 [WARN] PackLoader:240 - Cannot read IP mode file for wolfSSL.I-CUBE-wolfSSH.1.4.17
2025-01-21 19:02:50,304 [INFO] ThirdParty:978 - Integrity check success = true
2025-01-21 19:02:50,304 [INFO] IntegrityCheckThread:100 - exiting critical section [integrity check]
2025-01-21 19:02:50,304 [INFO] IntegrityCheckThread:103 - End integrity checks thread
2025-01-21 20:00:24,928 [INFO] WebApp:190 - Connection lost
2025-01-21 20:00:28,160 [INFO] WebApp:187 - Connection restablished
2025-01-21 20:00:29,709 [INFO] WebApp:190 - Connection lost
2025-01-21 20:00:30,088 [INFO] WebApp:187 - Connection restablished
2025-01-21 20:00:32,130 [INFO] WebApp:190 - Connection lost
2025-01-21 20:00:32,270 [INFO] WebApp:187 - Connection restablished
2025-01-21 20:05:56,568 [INFO] WebApp:190 - Connection lost
2025-01-21 20:05:56,716 [INFO] WebApp:187 - Connection restablished
2025-01-21 22:11:43,176 [INFO] WebApp:190 - Connection lost
2025-01-21 22:11:46,760 [INFO] WebApp:187 - Connection restablished
2025-01-21 22:11:47,030 [INFO] WebApp:190 - Connection lost
2025-01-21 22:11:47,145 [INFO] WebApp:187 - Connection restablished
2025-01-21 22:11:50,083 [INFO] WebApp:190 - Connection lost
2025-01-21 22:11:50,225 [INFO] WebApp:187 - Connection restablished
2025-01-21 22:35:12,005 [INFO] WebApp:190 - Connection lost
2025-01-21 22:35:12,190 [INFO] WebApp:187 - Connection restablished
2025-01-21 23:02:37,030 [INFO] WebApp:190 - Connection lost
2025-01-21 23:02:37,549 [INFO] WebApp:187 - Connection restablished
2025-01-21 23:04:51,552 [INFO] WebApp:190 - Connection lost
2025-01-21 23:04:51,712 [INFO] WebApp:187 - Connection restablished
2025-01-21 23:13:39,464 [INFO] WebApp:190 - Connection lost
2025-01-21 23:13:39,638 [INFO] WebApp:187 - Connection restablished
2025-01-21 23:16:52,026 [INFO] WebApp:190 - Connection lost
2025-01-21 23:16:52,172 [INFO] WebApp:187 - Connection restablished
2025-01-21 23:23:40,518 [INFO] WebApp:190 - Connection lost
2025-01-21 23:23:40,675 [INFO] WebApp:187 - Connection restablished
