23:23:25 **** Incremental Build of configuration Debug for project time_base_100ms_IT ****
make -j4 all 
arm-none-eabi-gcc "../Core/Src/it.c" -mcpu=cortex-m4 -std=gnu11 -g3 -DDEBUG -DUSE_HAL_DRIVER -DSTM32F446xx -c -I../Core/Inc -I../Drivers/STM32F4xx_HAL_Driver/Inc -I../Drivers/STM32F4xx_HAL_Driver/Inc/Legacy -I../Drivers/CMSIS/Device/ST/STM32F4xx/Include -I../Drivers/CMSIS/Include -O0 -ffunction-sections -fdata-sections -Wall -fstack-usage -fcyclomatic-complexity -MMD -MP -MF"Core/Src/it.d" -MT"Core/Src/it.o" --specs=nano.specs -mfpu=fpv4-sp-d16 -mfloat-abi=hard -mthumb -o "Core/Src/it.o"
arm-none-eabi-gcc -o "time_base_100ms_IT.elf" @"objects.list"   -mcpu=cortex-m4 -T"C:\STM32_tutorials\time_base_100ms_IT\STM32F446RETX_FLASH.ld" --specs=nosys.specs -Wl,-Map="time_base_100ms_IT.map" -Wl,--gc-sections -static --specs=nano.specs -mfpu=fpv4-sp-d16 -mfloat-abi=hard -mthumb -Wl,--start-group -lc -lm -Wl,--end-group
Finished building target: time_base_100ms_IT.elf
 
arm-none-eabi-size  time_base_100ms_IT.elf 
arm-none-eabi-objdump -h -S time_base_100ms_IT.elf  > "time_base_100ms_IT.list"
   text	   data	    bss	    dec	    hex	filename
   4068	     12	   1644	   5724	   165c	time_base_100ms_IT.elf
Finished building: default.size.stdout
 
Finished building: time_base_100ms_IT.list
 
23:25:12 **** Build of configuration Debug for project time_base_100ms ****
make -j4 all 
arm-none-eabi-size  time_base_100ms.elf 
   text	   data	    bss	    dec	    hex	filename
   3436	     12	   1644	   5092	   13e4	time_base_100ms.elf
Finished building: default.size.stdout
 
23:26:09 **** Incremental Build of configuration Debug for project time_base_100ms_IT ****
make -j4 all 
arm-none-eabi-size  time_base_100ms_IT.elf 
   text	   data	    bss	    dec	    hex	filename
   4068	     12	   1644	   5724	   165c	time_base_100ms_IT.elf
Finished building: default.size.stdout
 
23:31:06 **** Incremental Build of configuration Debug for project time_base_100ms_IT ****
make -j4 all 
arm-none-eabi-size  time_base_100ms_IT.elf 
   text	   data	    bss	    dec	    hex	filename
   4068	     12	   1644	   5724	   165c	time_base_100ms_IT.elf
Finished building: default.size.stdout
 
23:31:26 **** Incremental Build of configuration Debug for project time_base_100ms_IT ****
make -j4 all 
arm-none-eabi-size  time_base_100ms_IT.elf 
   text	   data	    bss	    dec	    hex	filename
   4068	     12	   1644	   5724	   165c	time_base_100ms_IT.elf
Finished building: default.size.stdout
 
